Performing C++ SOURCE FILE Test CMAKE_HAVE_LIBC_PTHREAD failed with the following output:
Change Dir: /home/kc32/software/lammps-stable_29Sep2021/build/CMakeFiles/CMakeTmp

Run Build Command(s):/usr/bin/gmake -f Makefile cmTC_e9317/fast && /usr/bin/gmake  -f CMakeFiles/cmTC_e9317.dir/build.make CMakeFiles/cmTC_e9317.dir/build
gmake[1]: Entering directory '/home/kc32/software/lammps-stable_29Sep2021/build/CMakeFiles/CMakeTmp'
Building CXX object CMakeFiles/cmTC_e9317.dir/src.cxx.o
/opt/intel/compilers_and_libraries_2020.1.217/linux/bin/intel64/icpc -DCMAKE_HAVE_LIBC_PTHREAD  -restrict  -std=c++11 -MD -MT CMakeFiles/cmTC_e9317.dir/src.cxx.o -MF CMakeFiles/cmTC_e9317.dir/src.cxx.o.d -o CMakeFiles/cmTC_e9317.dir/src.cxx.o -c /home/kc32/software/lammps-stable_29Sep2021/build/CMakeFiles/CMakeTmp/src.cxx
Linking CXX executable cmTC_e9317
/usr/bin/cmake -E cmake_link_script CMakeFiles/cmTC_e9317.dir/link.txt --verbose=1
/opt/intel/compilers_and_libraries_2020.1.217/linux/bin/intel64/icpc  -restrict  CMakeFiles/cmTC_e9317.dir/src.cxx.o -o cmTC_e9317 
CMakeFiles/cmTC_e9317.dir/src.cxx.o: In function `main':
src.cxx:(.text+0x39): undefined reference to `pthread_create'
src.cxx:(.text+0x42): undefined reference to `pthread_detach'
src.cxx:(.text+0x4b): undefined reference to `pthread_cancel'
src.cxx:(.text+0x56): undefined reference to `pthread_join'
gmake[1]: *** [CMakeFiles/cmTC_e9317.dir/build.make:100: cmTC_e9317] Error 1
gmake[1]: Leaving directory '/home/kc32/software/lammps-stable_29Sep2021/build/CMakeFiles/CMakeTmp'
gmake: *** [Makefile:127: cmTC_e9317/fast] Error 2


Source file was:
#include <pthread.h>

static void* test_func(void* data)
{
  return data;
}

int main(void)
{
  pthread_t thread;
  pthread_create(&thread, NULL, test_func, NULL);
  pthread_detach(thread);
  pthread_cancel(thread);
  pthread_join(thread, NULL);
  pthread_atfork(NULL, NULL, NULL);
  pthread_exit(NULL);

  return 0;
}

Determining if the function pthread_create exists in the pthreads failed with the following output:
Change Dir: /home/kc32/software/lammps-stable_29Sep2021/build/CMakeFiles/CMakeTmp

Run Build Command(s):/usr/bin/gmake -f Makefile cmTC_bfd4d/fast && /usr/bin/gmake  -f CMakeFiles/cmTC_bfd4d.dir/build.make CMakeFiles/cmTC_bfd4d.dir/build
gmake[1]: Entering directory '/home/kc32/software/lammps-stable_29Sep2021/build/CMakeFiles/CMakeTmp'
Building CXX object CMakeFiles/cmTC_bfd4d.dir/CheckFunctionExists.cxx.o
/opt/intel/compilers_and_libraries_2020.1.217/linux/bin/intel64/icpc   -restrict -DCHECK_FUNCTION_EXISTS=pthread_create -std=c++11 -MD -MT CMakeFiles/cmTC_bfd4d.dir/CheckFunctionExists.cxx.o -MF CMakeFiles/cmTC_bfd4d.dir/CheckFunctionExists.cxx.o.d -o CMakeFiles/cmTC_bfd4d.dir/CheckFunctionExists.cxx.o -c /home/kc32/software/lammps-stable_29Sep2021/build/CMakeFiles/CheckLibraryExists/CheckFunctionExists.cxx
Linking CXX executable cmTC_bfd4d
/usr/bin/cmake -E cmake_link_script CMakeFiles/cmTC_bfd4d.dir/link.txt --verbose=1
/opt/intel/compilers_and_libraries_2020.1.217/linux/bin/intel64/icpc  -restrict -DCHECK_FUNCTION_EXISTS=pthread_create CMakeFiles/cmTC_bfd4d.dir/CheckFunctionExists.cxx.o -o cmTC_bfd4d  -lpthreads 
ld: cannot find -lpthreads
gmake[1]: *** [CMakeFiles/cmTC_bfd4d.dir/build.make:100: cmTC_bfd4d] Error 1
gmake[1]: Leaving directory '/home/kc32/software/lammps-stable_29Sep2021/build/CMakeFiles/CMakeTmp'
gmake: *** [Makefile:127: cmTC_bfd4d/fast] Error 2



