The system is: Linux - 4.18.0-372.19.1.el8_6.x86_64 - x86_64
Compiling the CXX compiler identification source file "CMakeCXXCompilerId.cpp" succeeded.
Compiler: /opt/intel/compilers_and_libraries_2020.1.217/linux/bin/intel64/icpc 
Build flags: 
Id flags:  

The output was:
0


Compilation of the CXX compiler identification source "CMakeCXXCompilerId.cpp" produced "a.out"

The CXX compiler identification is Intel, found in "/home/kc32/software/lammps-stable_29Sep2021/build/CMakeFiles/3.20.2/CompilerIdCXX/a.out"

Detecting CXX compiler ABI info compiled with the following output:
Change Dir: /home/kc32/software/lammps-stable_29Sep2021/build/CMakeFiles/CMakeTmp

Run Build Command(s):/usr/bin/gmake -f Makefile cmTC_28ab0/fast && /usr/bin/gmake  -f CMakeFiles/cmTC_28ab0.dir/build.make CMakeFiles/cmTC_28ab0.dir/build
gmake[1]: Entering directory '/home/kc32/software/lammps-stable_29Sep2021/build/CMakeFiles/CMakeTmp'
Building CXX object CMakeFiles/cmTC_28ab0.dir/CMakeCXXCompilerABI.cpp.o
/opt/intel/compilers_and_libraries_2020.1.217/linux/bin/intel64/icpc   -v -MD -MT CMakeFiles/cmTC_28ab0.dir/CMakeCXXCompilerABI.cpp.o -MF CMakeFiles/cmTC_28ab0.dir/CMakeCXXCompilerABI.cpp.o.d -o CMakeFiles/cmTC_28ab0.dir/CMakeCXXCompilerABI.cpp.o -c /usr/share/cmake/Modules/CMakeCXXCompilerABI.cpp
icpc version 19.1.1.217 (gcc version 8.5.0 compatibility)
/opt/intel/compilers_and_libraries_2020.1.217/linux/bin/intel64/mcpcom    --target_efi2 --lang=c++ -oCMakeFiles/cmTC_28ab0.dir/CMakeCXXCompilerABI.cpp.o -_g -mP3OPT_inline_alloca -D__ICC=1910 -D__INTEL_COMPILER=1910 -D__INTEL_COMPILER_UPDATE=0 -D__PTRDIFF_TYPE__=long "-D__SIZE_TYPE__=unsigned long" -D__WCHAR_TYPE__=int "-D__WINT_TYPE__=unsigned int" "-D__INTMAX_TYPE__=long int" "-D__UINTMAX_TYPE__=long unsigned int" -D__GLIBCXX_TYPE_INT_N_0=__int128 -D__GLIBCXX_BITSIZE_INT_N_0=128 -D__LONG_MAX__=9223372036854775807L -D__QMSPP_ -D__OPTIMIZE__ -D__NO_MATH_INLINES -D__NO_STRING_INLINES -D__GNUC_GNU_INLINE__ -D__GNUG__=8 -D__GNUC__=8 -D__GNUC_MINOR__=5 -D__GNUC_PATCHLEVEL__=0 -D__LP64__ -D_LP64 -D_GNU_SOURCE=1 -D__DEPRECATED=1 -D__GXX_WEAK__=1 -D__GXX_ABI_VERSION=1010 "-D__USER_LABEL_PREFIX__= " -D__REGISTER_PREFIX__= -D__INTEL_RTTI__ -D__EXCEPTIONS=1 -D__unix__ -D__unix -D__linux__ -D__linux -D__gnu_linux__ -B -Dunix -Dlinux "-_Asystem(unix)" -D__ELF__ -D__x86_64 -D__x86_64__ -D__amd64 -D__amd64__ "-_Acpu(x86_64)" "-_Amachine(x86_64)" -D__INTEL_COMPILER_BUILD_DATE=20200306 -D__INTEL_OFFLOAD -D__MMX__ -D__SSE__ -D__SSE_MATH__ -D__SSE2__ -D__SSE2_MATH__ -D__pentium4 -D__pentium4__ -D__tune_pentium4__ -_k -_8 -_l --has_new_stdarg_support -_a -_b --gnu_version=80500 -_W5 -p --bool -tused -x --openmp_simd --dependency_file_name CMakeFiles/cmTC_28ab0.dir/CMakeCXXCompilerABI.cpp.o.d --compile_dependencies --dependency_target_name CMakeFiles/cmTC_28ab0.dir/CMakeCXXCompilerABI.cpp.o --multibyte_chars -mGLOB_diag_suppress_sys --system_preinclude /usr/include/stdc-predef.h -I/opt/intel/compilers_and_libraries_2020.1.217/linux/pstl/include -I/opt/intel/compilers_and_libraries_2020.1.217/linux/mpi/intel64/include -I/opt/intel/compilers_and_libraries_2020.1.217/linux/mkl/include -I/opt/intel/compilers_and_libraries_2020.1.217/linux/tbb/include -I/opt/intel/compilers_and_libraries_2020.1.217/linux/pstl/include -I/usr/local/intel/include --array_section --simd --simd_func --offload_mode=1 --offload_target_names=mic,MIC --offload_unique_string=icpc180260315276VY1x --bool -mGLOB_em64t=TRUE -mP1OPT_version=19.1-intel64 -mGLOB_diag_file=CMakeFiles/cmTC_28ab0.dir/CMakeCXXCompilerABI.cpp.diag -mGLOB_long_size_64 -mGLOB_routine_pointer_size_64 -mP1OPT_print_version=FALSE -mCG_use_gas_got_workaround=F -mP2OPT_align_option_used=TRUE -mGLOB_gcc_version=850 "-mGLOB_options_string=-v -MD -MT CMakeFiles/cmTC_28ab0.dir/CMakeCXXCompilerABI.cpp.o -MF CMakeFiles/cmTC_28ab0.dir/CMakeCXXCompilerABI.cpp.o.d -o CMakeFiles/cmTC_28ab0.dir/CMakeCXXCompilerABI.cpp.o -c" -mGLOB_cxx_limited_range=FALSE -mCG_extend_parms=FALSE -mGLOB_compiler_bin_directory=/opt/intel/compilers_and_libraries_2020.1.217/linux/bin/intel64 -mGLOB_as_output_backup_file_name=/tmp/icpcHRzVwxas_.s -mIPOPT_activate -mIPOPT_lite -mGLOB_uarch_tuning=0x0 -mGLOB_product_id_code=0x22006d90 -mCG_bnl_movbe=T -mP3OPT_use_mspp_call_convention -mP2OPT_subs_out_of_bound=FALSE -mP2OPT_disam_type_based_disam=2 -mP2OPT_disam_assume_ansi_c -mP2OPT_checked_disam_ansi_alias=TRUE -mGLOB_ansi_alias -mPGOPTI_value_profile_use=T -mP2OPT_il0_array_sections=TRUE -mGLOB_offload_mode=1 -mP2OPT_offload_unique_var_string=icpc180260315276VY1x -mP2OPT_hlo_level=2 -mP2OPT_hlo -mP2OPT_hpo_rtt_control=0 -mIPOPT_args_in_regs=0 -mP2OPT_disam_assume_nonstd_intent_in=FALSE -mGLOB_imf_mapping_library=/opt/intel/compilers_and_libraries_2020.1.217/linux/bin/intel64/libiml_attr.so -mPGOPTI_gen_threadsafe_level=0 -mIPOPT_lto_object_enabled -mIPOPT_lto_object_value=1 -mIPOPT_obj_output_file_name=CMakeFiles/cmTC_28ab0.dir/CMakeCXXCompilerABI.cpp.o -mIPOPT_whole_archive_fixup_file_name=/tmp/icpcwarchss9KBK -mGLOB_linker_version=2.30 -mGLOB_linker=ld -mGLOB_driver_tempfile_name=/tmp/icpctempfileRtZIvd -mP3OPT_asm_target=P3OPT_ASM_TARGET_GAS -mGLOB_async_unwind_tables=TRUE -mGLOB_obj_output_file=CMakeFiles/cmTC_28ab0.dir/CMakeCXXCompilerABI.cpp.o -mGLOB_source_dialect=GLOB_SOURCE_DIALECT_C_PLUS_PLUS -mP1OPT_source_file_name=/usr/share/cmake/Modules/CMakeCXXCompilerABI.cpp -mP1OPT_full_source_file_name=/usr/share/cmake/Modules/CMakeCXXCompilerABI.cpp -mGLOB_eh_linux /usr/share/cmake/Modules/CMakeCXXCompilerABI.cpp
#include "..." search starts here:
#include <...> search starts here:
 /opt/intel/compilers_and_libraries_2020.1.217/linux/pstl/include
 /opt/intel/compilers_and_libraries_2020.1.217/linux/mpi/intel64/include
 /opt/intel/compilers_and_libraries_2020.1.217/linux/mkl/include
 /opt/intel/compilers_and_libraries_2020.1.217/linux/tbb/include
 /opt/intel/compilers_and_libraries_2020.1.217/linux/pstl/include
 /usr/local/intel/include
 /opt/intel/compilers_and_libraries_2020.1.217/linux/compiler/include/intel64
 /opt/intel/compilers_and_libraries_2020.1.217/linux/compiler/include/icc
 /opt/intel/compilers_and_libraries_2020.1.217/linux/compiler/include
 /usr/include/c++/8
 /usr/include/c++/8/x86_64-redhat-linux
 /usr/include/c++/8/backward
 /usr/local/include
 /usr/lib/gcc/x86_64-redhat-linux/8/include
 /usr/include/
 /usr/include
End of search list.
Linking CXX executable cmTC_28ab0
/usr/bin/cmake -E cmake_link_script CMakeFiles/cmTC_28ab0.dir/link.txt --verbose=1
/opt/intel/compilers_and_libraries_2020.1.217/linux/bin/intel64/icpc  -v CMakeFiles/cmTC_28ab0.dir/CMakeCXXCompilerABI.cpp.o -o cmTC_28ab0 
icpc version 19.1.1.217 (gcc version 8.5.0 compatibility)
/opt/intel/compilers_and_libraries_2020.1.217/linux/bin/intel64/mcpcom    -mGLOB_em64t=TRUE -mP1OPT_version=19.1-intel64 -mGLOB_diag_file=CMakeFiles/cmTC_28ab0.dir/CMakeCXXCompilerABI.cpp.diag -mGLOB_long_size_64 -mGLOB_routine_pointer_size_64 -mP1OPT_print_version=FALSE -mCG_use_gas_got_workaround=F -mP2OPT_align_option_used=TRUE -mGLOB_gcc_version=850 "-mGLOB_options_string=-v -o cmTC_28ab0" -mGLOB_cxx_limited_range=FALSE -mCG_extend_parms=FALSE -mGLOB_compiler_bin_directory=/opt/intel/compilers_and_libraries_2020.1.217/linux/bin/intel64 -mGLOB_as_output_backup_file_name=/tmp/icpcq0SmGdas_.s -mGLOB_dashboard_use_source_name -mIPOPT_activate -mGLOB_product_id_code=0x22006d90 -mP3OPT_use_mspp_call_convention -mP2OPT_subs_out_of_bound=FALSE -mP2OPT_disam_type_based_disam=2 -mP2OPT_disam_assume_ansi_c -mP2OPT_checked_disam_ansi_alias=TRUE -mGLOB_ansi_alias -mPGOPTI_value_profile_use=T -mGLOB_opt_report_use_source_name -mP2OPT_il0_array_sections=TRUE -mGLOB_offload_mode=1 -mP2OPT_offload_unique_var_string=icpc0043106308AzaKyJ -mP2OPT_hlo -mP2OPT_hpo_rtt_control=0 -mIPOPT_args_in_regs=0 -mP2OPT_disam_assume_nonstd_intent_in=FALSE -mGLOB_imf_mapping_library=/opt/intel/compilers_and_libraries_2020.1.217/linux/bin/intel64/libiml_attr.so -mPGOPTI_gen_threadsafe_level=0 -mIPOPT_link -mIPOPT_ipo_activate -mIPOPT_mo_activate -mIPOPT_source_files_list=/tmp/icpcslisrhhF4t -mIPOPT_mo_global_data -mIPOPT_link_script_file=/tmp/icpcscriptLa7Nq3 "-mIPOPT_cmdline_link="/usr/lib/gcc/x86_64-redhat-linux/8/../../../../lib64/crt1.o" "/usr/lib/gcc/x86_64-redhat-linux/8/../../../../lib64/crti.o" "/usr/lib/gcc/x86_64-redhat-linux/8/crtbegin.o" "--eh-frame-hdr" "--build-id" "-dynamic-linker" "/lib64/ld-linux-x86-64.so.2" "-m" "elf_x86_64" "-o" "cmTC_28ab0" "-L/opt/intel/compilers_and_libraries_2020.1.217/linux/mpi/intel64/lib" "-L/usr/local/intel/lib64/intel-mpi" "-L/opt/intel/compilers_and_libraries_2020.1.217/linux/tbb/lib/intel64/gcc4.8" "-L/opt/intel/compilers_and_libraries_2020.1.217/linux/compiler/lib/intel64" "-L/opt/intel/compilers_and_libraries_2020.1.217/linux/mkl/lib/intel64" "-L/usr/local/intel/lib64" "-L/opt/intel/compilers_and_libraries_2020.1.217/linux/compiler/lib/intel64_lin" "-L/usr/local/intel/lib64/../lib64" "-L/usr/local/intel/lib64/../lib64/" "-L/usr/lib/gcc/x86_64-redhat-linux/8/" "-L/usr/lib/gcc/x86_64-redhat-linux/8/../../../../lib64" "-L/usr/lib/gcc/x86_64-redhat-linux/8/../../../../lib64/" "-L/lib/../lib64" "-L/lib/../lib64/" "-L/usr/lib/../lib64" "-L/usr/lib/../lib64/" "-L/opt/intel/compilers_and_libraries_2020.1.217/linux/mpi/intel64/lib/" "-L/usr/local/intel/lib64/intel-mpi/" "-L/opt/intel/compilers_and_libraries_2020.1.217/linux/tbb/lib/intel64/gcc4.8/" "-L/opt/intel/compilers_and_libraries_2020.1.217/linux/compiler/lib/intel64/" "-L/opt/intel/compilers_and_libraries_2020.1.217/linux/mkl/lib/intel64/" "-L/usr/local/intel/lib64" "-L/usr/local/intel/lib64/" "-L/usr/lib/gcc/x86_64-redhat-linux/8/../../../" "-L/lib64" "-L/lib/" "-L/usr/lib64" "-L/usr/lib" "CMakeFiles/cmTC_28ab0.dir/CMakeCXXCompilerABI.cpp.o" "-Bdynamic" "-Bstatic" "-limf" "-lsvml" "-lirng" "-Bdynamic" "-lstdc++" "-lm" "-Bstatic" "-lipgo" "-ldecimal" "--as-needed" "-Bdynamic" "-lcilkrts" "--no-as-needed" "-lstdc++" "-lgcc" "-lgcc_s" "-Bstatic" "-lirc" "-lsvml" "-Bdynamic" "-lc" "-lgcc" "-lgcc_s" "-Bstatic" "-lirc_s" "-Bdynamic" "-ldl" "-lc" "/usr/lib/gcc/x86_64-redhat-linux/8/crtend.o" "/usr/lib/gcc/x86_64-redhat-linux/8/../../../../lib64/crtn.o"" -mIPOPT_il_in_obj -mIPOPT_ipo_activate_warn=FALSE -mIPOPT_obj_output_file_name=/tmp/ipo_icpcWuTm3P.o -mIPOPT_whole_archive_fixup_file_name=/tmp/icpcwarchKTAImd -mGLOB_linker_version=2.30 -mGLOB_linker=ld -mGLOB_driver_tempfile_name=/tmp/icpctempfileTC5bXe -mP3OPT_asm_target=P3OPT_ASM_TARGET_GAS -mGLOB_async_unwind_tables=TRUE -mGLOB_obj_output_file=/tmp/ipo_icpcWuTm3P.o -mGLOB_source_dialect=GLOB_SOURCE_DIALECT_NONE -mP1OPT_source_file_name=ipo_out.c CMakeFiles/cmTC_28ab0.dir/CMakeCXXCompilerABI.cpp.o -mIPOPT_object_files=T -mIPOPT_assembly_files=/tmp/icpcalisNZWMul -mIPOPT_generated_tempfiles=/tmp/icpcelisuEnCFd -mIPOPT_embedded_object_base_name=/tmp/icpceobjYjVZQ1 -mIPOPT_cmdline_link_new_name=/tmp/icpcllisfSnjtA
ld    /usr/lib/gcc/x86_64-redhat-linux/8/../../../../lib64/crt1.o /usr/lib/gcc/x86_64-redhat-linux/8/../../../../lib64/crti.o /usr/lib/gcc/x86_64-redhat-linux/8/crtbegin.o --eh-frame-hdr --build-id -dynamic-linker /lib64/ld-linux-x86-64.so.2 -m elf_x86_64 -o cmTC_28ab0 -L/opt/intel/compilers_and_libraries_2020.1.217/linux/mpi/intel64/lib -L/usr/local/intel/lib64/intel-mpi -L/opt/intel/compilers_and_libraries_2020.1.217/linux/tbb/lib/intel64/gcc4.8 -L/opt/intel/compilers_and_libraries_2020.1.217/linux/compiler/lib/intel64 -L/opt/intel/compilers_and_libraries_2020.1.217/linux/mkl/lib/intel64 -L/usr/local/intel/lib64 -L/opt/intel/compilers_and_libraries_2020.1.217/linux/compiler/lib/intel64_lin -L/usr/local/intel/lib64/../lib64 -L/usr/local/intel/lib64/../lib64/ -L/usr/lib/gcc/x86_64-redhat-linux/8/ -L/usr/lib/gcc/x86_64-redhat-linux/8/../../../../lib64 -L/usr/lib/gcc/x86_64-redhat-linux/8/../../../../lib64/ -L/lib/../lib64 -L/lib/../lib64/ -L/usr/lib/../lib64 -L/usr/lib/../lib64/ -L/opt/intel/compilers_and_libraries_2020.1.217/linux/mpi/intel64/lib/ -L/usr/local/intel/lib64/intel-mpi/ -L/opt/intel/compilers_and_libraries_2020.1.217/linux/tbb/lib/intel64/gcc4.8/ -L/opt/intel/compilers_and_libraries_2020.1.217/linux/compiler/lib/intel64/ -L/opt/intel/compilers_and_libraries_2020.1.217/linux/mkl/lib/intel64/ -L/usr/local/intel/lib64 -L/usr/local/intel/lib64/ -L/usr/lib/gcc/x86_64-redhat-linux/8/../../../ -L/lib64 -L/lib/ -L/usr/lib64 -L/usr/lib CMakeFiles/cmTC_28ab0.dir/CMakeCXXCompilerABI.cpp.o -Bdynamic -Bstatic -limf -lsvml -lirng -Bdynamic -lstdc++ -lm -Bstatic -lipgo -ldecimal --as-needed -Bdynamic -lcilkrts --no-as-needed -lstdc++ -lgcc -lgcc_s -Bstatic -lirc -lsvml -Bdynamic -lc -lgcc -lgcc_s -Bstatic -lirc_s -Bdynamic -ldl -lc /usr/lib/gcc/x86_64-redhat-linux/8/crtend.o /usr/lib/gcc/x86_64-redhat-linux/8/../../../../lib64/crtn.o
gmake[1]: Leaving directory '/home/kc32/software/lammps-stable_29Sep2021/build/CMakeFiles/CMakeTmp'



Parsed CXX implicit include dir info from above output: rv=done
  found start of include info
  found start of implicit include info
    add: [/opt/intel/compilers_and_libraries_2020.1.217/linux/pstl/include]
    add: [/opt/intel/compilers_and_libraries_2020.1.217/linux/mpi/intel64/include]
    add: [/opt/intel/compilers_and_libraries_2020.1.217/linux/mkl/include]
    add: [/opt/intel/compilers_and_libraries_2020.1.217/linux/tbb/include]
    add: [/opt/intel/compilers_and_libraries_2020.1.217/linux/pstl/include]
    add: [/usr/local/intel/include]
    add: [/opt/intel/compilers_and_libraries_2020.1.217/linux/compiler/include/intel64]
    add: [/opt/intel/compilers_and_libraries_2020.1.217/linux/compiler/include/icc]
    add: [/opt/intel/compilers_and_libraries_2020.1.217/linux/compiler/include]
    add: [/usr/include/c++/8]
    add: [/usr/include/c++/8/x86_64-redhat-linux]
    add: [/usr/include/c++/8/backward]
    add: [/usr/local/include]
    add: [/usr/lib/gcc/x86_64-redhat-linux/8/include]
    add: [/usr/include/]
    add: [/usr/include]
  end of search list found
  collapse include dir [/opt/intel/compilers_and_libraries_2020.1.217/linux/pstl/include] ==> [/opt/intel/compilers_and_libraries_2020.1.217/linux/pstl/include]
  collapse include dir [/opt/intel/compilers_and_libraries_2020.1.217/linux/mpi/intel64/include] ==> [/opt/intel/compilers_and_libraries_2020.1.217/linux/mpi/intel64/include]
  collapse include dir [/opt/intel/compilers_and_libraries_2020.1.217/linux/mkl/include] ==> [/opt/intel/compilers_and_libraries_2020.1.217/linux/mkl/include]
  collapse include dir [/opt/intel/compilers_and_libraries_2020.1.217/linux/tbb/include] ==> [/opt/intel/compilers_and_libraries_2020.1.217/linux/tbb/include]
  collapse include dir [/opt/intel/compilers_and_libraries_2020.1.217/linux/pstl/include] ==> [/opt/intel/compilers_and_libraries_2020.1.217/linux/pstl/include]
  collapse include dir [/usr/local/intel/include] ==> [/usr/local/intel/include]
  collapse include dir [/opt/intel/compilers_and_libraries_2020.1.217/linux/compiler/include/intel64] ==> [/opt/intel/compilers_and_libraries_2020.1.217/linux/compiler/include/intel64]
  collapse include dir [/opt/intel/compilers_and_libraries_2020.1.217/linux/compiler/include/icc] ==> [/opt/intel/compilers_and_libraries_2020.1.217/linux/compiler/include/icc]
  collapse include dir [/opt/intel/compilers_and_libraries_2020.1.217/linux/compiler/include] ==> [/opt/intel/compilers_and_libraries_2020.1.217/linux/compiler/include]
  collapse include dir [/usr/include/c++/8] ==> [/usr/include/c++/8]
  collapse include dir [/usr/include/c++/8/x86_64-redhat-linux] ==> [/usr/include/c++/8/x86_64-redhat-linux]
  collapse include dir [/usr/include/c++/8/backward] ==> [/usr/include/c++/8/backward]
  collapse include dir [/usr/local/include] ==> [/usr/local/include]
  collapse include dir [/usr/lib/gcc/x86_64-redhat-linux/8/include] ==> [/usr/lib/gcc/x86_64-redhat-linux/8/include]
  collapse include dir [/usr/include/] ==> [/usr/include]
  collapse include dir [/usr/include] ==> [/usr/include]
  implicit include dirs: [/opt/intel/compilers_and_libraries_2020.1.217/linux/pstl/include;/opt/intel/compilers_and_libraries_2020.1.217/linux/mpi/intel64/include;/opt/intel/compilers_and_libraries_2020.1.217/linux/mkl/include;/opt/intel/compilers_and_libraries_2020.1.217/linux/tbb/include;/usr/local/intel/include;/opt/intel/compilers_and_libraries_2020.1.217/linux/compiler/include/intel64;/opt/intel/compilers_and_libraries_2020.1.217/linux/compiler/include/icc;/opt/intel/compilers_and_libraries_2020.1.217/linux/compiler/include;/usr/include/c++/8;/usr/include/c++/8/x86_64-redhat-linux;/usr/include/c++/8/backward;/usr/local/include;/usr/lib/gcc/x86_64-redhat-linux/8/include;/usr/include]


Parsed CXX implicit link information from above output:
  link line regex: [^( *|.*[/\])(ld|CMAKE_LINK_STARTFILE-NOTFOUND|([^/\]+-)?ld|collect2)[^/\]*( |$)]
  ignore line: [Change Dir: /home/kc32/software/lammps-stable_29Sep2021/build/CMakeFiles/CMakeTmp]
  ignore line: []
  ignore line: [Run Build Command(s):/usr/bin/gmake -f Makefile cmTC_28ab0/fast && /usr/bin/gmake  -f CMakeFiles/cmTC_28ab0.dir/build.make CMakeFiles/cmTC_28ab0.dir/build]
  ignore line: [gmake[1]: Entering directory '/home/kc32/software/lammps-stable_29Sep2021/build/CMakeFiles/CMakeTmp']
  ignore line: [Building CXX object CMakeFiles/cmTC_28ab0.dir/CMakeCXXCompilerABI.cpp.o]
  ignore line: [/opt/intel/compilers_and_libraries_2020.1.217/linux/bin/intel64/icpc   -v -MD -MT CMakeFiles/cmTC_28ab0.dir/CMakeCXXCompilerABI.cpp.o -MF CMakeFiles/cmTC_28ab0.dir/CMakeCXXCompilerABI.cpp.o.d -o CMakeFiles/cmTC_28ab0.dir/CMakeCXXCompilerABI.cpp.o -c /usr/share/cmake/Modules/CMakeCXXCompilerABI.cpp]
  ignore line: [icpc version 19.1.1.217 (gcc version 8.5.0 compatibility)]
  ignore line: [/opt/intel/compilers_and_libraries_2020.1.217/linux/bin/intel64/mcpcom    --target_efi2 --lang=c++ -oCMakeFiles/cmTC_28ab0.dir/CMakeCXXCompilerABI.cpp.o -_g -mP3OPT_inline_alloca -D__ICC=1910 -D__INTEL_COMPILER=1910 -D__INTEL_COMPILER_UPDATE=0 -D__PTRDIFF_TYPE__=long "-D__SIZE_TYPE__=unsigned long" -D__WCHAR_TYPE__=int "-D__WINT_TYPE__=unsigned int" "-D__INTMAX_TYPE__=long int" "-D__UINTMAX_TYPE__=long unsigned int" -D__GLIBCXX_TYPE_INT_N_0=__int128 -D__GLIBCXX_BITSIZE_INT_N_0=128 -D__LONG_MAX__=9223372036854775807L -D__QMSPP_ -D__OPTIMIZE__ -D__NO_MATH_INLINES -D__NO_STRING_INLINES -D__GNUC_GNU_INLINE__ -D__GNUG__=8 -D__GNUC__=8 -D__GNUC_MINOR__=5 -D__GNUC_PATCHLEVEL__=0 -D__LP64__ -D_LP64 -D_GNU_SOURCE=1 -D__DEPRECATED=1 -D__GXX_WEAK__=1 -D__GXX_ABI_VERSION=1010 "-D__USER_LABEL_PREFIX__= " -D__REGISTER_PREFIX__= -D__INTEL_RTTI__ -D__EXCEPTIONS=1 -D__unix__ -D__unix -D__linux__ -D__linux -D__gnu_linux__ -B -Dunix -Dlinux "-_Asystem(unix)" -D__ELF__ -D__x86_64 -D__x86_64__ -D__amd64 -D__amd64__ "-_Acpu(x86_64)" "-_Amachine(x86_64)" -D__INTEL_COMPILER_BUILD_DATE=20200306 -D__INTEL_OFFLOAD -D__MMX__ -D__SSE__ -D__SSE_MATH__ -D__SSE2__ -D__SSE2_MATH__ -D__pentium4 -D__pentium4__ -D__tune_pentium4__ -_k -_8 -_l --has_new_stdarg_support -_a -_b --gnu_version=80500 -_W5 -p --bool -tused -x --openmp_simd --dependency_file_name CMakeFiles/cmTC_28ab0.dir/CMakeCXXCompilerABI.cpp.o.d --compile_dependencies --dependency_target_name CMakeFiles/cmTC_28ab0.dir/CMakeCXXCompilerABI.cpp.o --multibyte_chars -mGLOB_diag_suppress_sys --system_preinclude /usr/include/stdc-predef.h -I/opt/intel/compilers_and_libraries_2020.1.217/linux/pstl/include -I/opt/intel/compilers_and_libraries_2020.1.217/linux/mpi/intel64/include -I/opt/intel/compilers_and_libraries_2020.1.217/linux/mkl/include -I/opt/intel/compilers_and_libraries_2020.1.217/linux/tbb/include -I/opt/intel/compilers_and_libraries_2020.1.217/linux/pstl/include -I/usr/local/intel/include --array_section --simd --simd_func --offload_mode=1 --offload_target_names=mic MIC --offload_unique_string=icpc180260315276VY1x --bool -mGLOB_em64t=TRUE -mP1OPT_version=19.1-intel64 -mGLOB_diag_file=CMakeFiles/cmTC_28ab0.dir/CMakeCXXCompilerABI.cpp.diag -mGLOB_long_size_64 -mGLOB_routine_pointer_size_64 -mP1OPT_print_version=FALSE -mCG_use_gas_got_workaround=F -mP2OPT_align_option_used=TRUE -mGLOB_gcc_version=850 "-mGLOB_options_string=-v -MD -MT CMakeFiles/cmTC_28ab0.dir/CMakeCXXCompilerABI.cpp.o -MF CMakeFiles/cmTC_28ab0.dir/CMakeCXXCompilerABI.cpp.o.d -o CMakeFiles/cmTC_28ab0.dir/CMakeCXXCompilerABI.cpp.o -c" -mGLOB_cxx_limited_range=FALSE -mCG_extend_parms=FALSE -mGLOB_compiler_bin_directory=/opt/intel/compilers_and_libraries_2020.1.217/linux/bin/intel64 -mGLOB_as_output_backup_file_name=/tmp/icpcHRzVwxas_.s -mIPOPT_activate -mIPOPT_lite -mGLOB_uarch_tuning=0x0 -mGLOB_product_id_code=0x22006d90 -mCG_bnl_movbe=T -mP3OPT_use_mspp_call_convention -mP2OPT_subs_out_of_bound=FALSE -mP2OPT_disam_type_based_disam=2 -mP2OPT_disam_assume_ansi_c -mP2OPT_checked_disam_ansi_alias=TRUE -mGLOB_ansi_alias -mPGOPTI_value_profile_use=T -mP2OPT_il0_array_sections=TRUE -mGLOB_offload_mode=1 -mP2OPT_offload_unique_var_string=icpc180260315276VY1x -mP2OPT_hlo_level=2 -mP2OPT_hlo -mP2OPT_hpo_rtt_control=0 -mIPOPT_args_in_regs=0 -mP2OPT_disam_assume_nonstd_intent_in=FALSE -mGLOB_imf_mapping_library=/opt/intel/compilers_and_libraries_2020.1.217/linux/bin/intel64/libiml_attr.so -mPGOPTI_gen_threadsafe_level=0 -mIPOPT_lto_object_enabled -mIPOPT_lto_object_value=1 -mIPOPT_obj_output_file_name=CMakeFiles/cmTC_28ab0.dir/CMakeCXXCompilerABI.cpp.o -mIPOPT_whole_archive_fixup_file_name=/tmp/icpcwarchss9KBK -mGLOB_linker_version=2.30 -mGLOB_linker=ld -mGLOB_driver_tempfile_name=/tmp/icpctempfileRtZIvd -mP3OPT_asm_target=P3OPT_ASM_TARGET_GAS -mGLOB_async_unwind_tables=TRUE -mGLOB_obj_output_file=CMakeFiles/cmTC_28ab0.dir/CMakeCXXCompilerABI.cpp.o -mGLOB_source_dialect=GLOB_SOURCE_DIALECT_C_PLUS_PLUS -mP1OPT_source_file_name=/usr/share/cmake/Modules/CMakeCXXCompilerABI.cpp -mP1OPT_full_source_file_name=/usr/share/cmake/Modules/CMakeCXXCompilerABI.cpp -mGLOB_eh_linux /usr/share/cmake/Modules/CMakeCXXCompilerABI.cpp]
  ignore line: [#include "..." search starts here:]
  ignore line: [#include <...> search starts here:]
  ignore line: [ /opt/intel/compilers_and_libraries_2020.1.217/linux/pstl/include]
  ignore line: [ /opt/intel/compilers_and_libraries_2020.1.217/linux/mpi/intel64/include]
  ignore line: [ /opt/intel/compilers_and_libraries_2020.1.217/linux/mkl/include]
  ignore line: [ /opt/intel/compilers_and_libraries_2020.1.217/linux/tbb/include]
  ignore line: [ /opt/intel/compilers_and_libraries_2020.1.217/linux/pstl/include]
  ignore line: [ /usr/local/intel/include]
  ignore line: [ /opt/intel/compilers_and_libraries_2020.1.217/linux/compiler/include/intel64]
  ignore line: [ /opt/intel/compilers_and_libraries_2020.1.217/linux/compiler/include/icc]
  ignore line: [ /opt/intel/compilers_and_libraries_2020.1.217/linux/compiler/include]
  ignore line: [ /usr/include/c++/8]
  ignore line: [ /usr/include/c++/8/x86_64-redhat-linux]
  ignore line: [ /usr/include/c++/8/backward]
  ignore line: [ /usr/local/include]
  ignore line: [ /usr/lib/gcc/x86_64-redhat-linux/8/include]
  ignore line: [ /usr/include/]
  ignore line: [ /usr/include]
  ignore line: [End of search list.]
  ignore line: [Linking CXX executable cmTC_28ab0]
  ignore line: [/usr/bin/cmake -E cmake_link_script CMakeFiles/cmTC_28ab0.dir/link.txt --verbose=1]
  ignore line: [/opt/intel/compilers_and_libraries_2020.1.217/linux/bin/intel64/icpc  -v CMakeFiles/cmTC_28ab0.dir/CMakeCXXCompilerABI.cpp.o -o cmTC_28ab0 ]
  ignore line: [icpc version 19.1.1.217 (gcc version 8.5.0 compatibility)]
  ignore line: [/opt/intel/compilers_and_libraries_2020.1.217/linux/bin/intel64/mcpcom    -mGLOB_em64t=TRUE -mP1OPT_version=19.1-intel64 -mGLOB_diag_file=CMakeFiles/cmTC_28ab0.dir/CMakeCXXCompilerABI.cpp.diag -mGLOB_long_size_64 -mGLOB_routine_pointer_size_64 -mP1OPT_print_version=FALSE -mCG_use_gas_got_workaround=F -mP2OPT_align_option_used=TRUE -mGLOB_gcc_version=850 "-mGLOB_options_string=-v -o cmTC_28ab0" -mGLOB_cxx_limited_range=FALSE -mCG_extend_parms=FALSE -mGLOB_compiler_bin_directory=/opt/intel/compilers_and_libraries_2020.1.217/linux/bin/intel64 -mGLOB_as_output_backup_file_name=/tmp/icpcq0SmGdas_.s -mGLOB_dashboard_use_source_name -mIPOPT_activate -mGLOB_product_id_code=0x22006d90 -mP3OPT_use_mspp_call_convention -mP2OPT_subs_out_of_bound=FALSE -mP2OPT_disam_type_based_disam=2 -mP2OPT_disam_assume_ansi_c -mP2OPT_checked_disam_ansi_alias=TRUE -mGLOB_ansi_alias -mPGOPTI_value_profile_use=T -mGLOB_opt_report_use_source_name -mP2OPT_il0_array_sections=TRUE -mGLOB_offload_mode=1 -mP2OPT_offload_unique_var_string=icpc0043106308AzaKyJ -mP2OPT_hlo -mP2OPT_hpo_rtt_control=0 -mIPOPT_args_in_regs=0 -mP2OPT_disam_assume_nonstd_intent_in=FALSE -mGLOB_imf_mapping_library=/opt/intel/compilers_and_libraries_2020.1.217/linux/bin/intel64/libiml_attr.so -mPGOPTI_gen_threadsafe_level=0 -mIPOPT_link -mIPOPT_ipo_activate -mIPOPT_mo_activate -mIPOPT_source_files_list=/tmp/icpcslisrhhF4t -mIPOPT_mo_global_data -mIPOPT_link_script_file=/tmp/icpcscriptLa7Nq3 "-mIPOPT_cmdline_link="/usr/lib/gcc/x86_64-redhat-linux/8/../../../../lib64/crt1.o" "/usr/lib/gcc/x86_64-redhat-linux/8/../../../../lib64/crti.o" "/usr/lib/gcc/x86_64-redhat-linux/8/crtbegin.o" "--eh-frame-hdr" "--build-id" "-dynamic-linker" "/lib64/ld-linux-x86-64.so.2" "-m" "elf_x86_64" "-o" "cmTC_28ab0" "-L/opt/intel/compilers_and_libraries_2020.1.217/linux/mpi/intel64/lib" "-L/usr/local/intel/lib64/intel-mpi" "-L/opt/intel/compilers_and_libraries_2020.1.217/linux/tbb/lib/intel64/gcc4.8" "-L/opt/intel/compilers_and_libraries_2020.1.217/linux/compiler/lib/intel64" "-L/opt/intel/compilers_and_libraries_2020.1.217/linux/mkl/lib/intel64" "-L/usr/local/intel/lib64" "-L/opt/intel/compilers_and_libraries_2020.1.217/linux/compiler/lib/intel64_lin" "-L/usr/local/intel/lib64/../lib64" "-L/usr/local/intel/lib64/../lib64/" "-L/usr/lib/gcc/x86_64-redhat-linux/8/" "-L/usr/lib/gcc/x86_64-redhat-linux/8/../../../../lib64" "-L/usr/lib/gcc/x86_64-redhat-linux/8/../../../../lib64/" "-L/lib/../lib64" "-L/lib/../lib64/" "-L/usr/lib/../lib64" "-L/usr/lib/../lib64/" "-L/opt/intel/compilers_and_libraries_2020.1.217/linux/mpi/intel64/lib/" "-L/usr/local/intel/lib64/intel-mpi/" "-L/opt/intel/compilers_and_libraries_2020.1.217/linux/tbb/lib/intel64/gcc4.8/" "-L/opt/intel/compilers_and_libraries_2020.1.217/linux/compiler/lib/intel64/" "-L/opt/intel/compilers_and_libraries_2020.1.217/linux/mkl/lib/intel64/" "-L/usr/local/intel/lib64" "-L/usr/local/intel/lib64/" "-L/usr/lib/gcc/x86_64-redhat-linux/8/../../../" "-L/lib64" "-L/lib/" "-L/usr/lib64" "-L/usr/lib" "CMakeFiles/cmTC_28ab0.dir/CMakeCXXCompilerABI.cpp.o" "-Bdynamic" "-Bstatic" "-limf" "-lsvml" "-lirng" "-Bdynamic" "-lstdc++" "-lm" "-Bstatic" "-lipgo" "-ldecimal" "--as-needed" "-Bdynamic" "-lcilkrts" "--no-as-needed" "-lstdc++" "-lgcc" "-lgcc_s" "-Bstatic" "-lirc" "-lsvml" "-Bdynamic" "-lc" "-lgcc" "-lgcc_s" "-Bstatic" "-lirc_s" "-Bdynamic" "-ldl" "-lc" "/usr/lib/gcc/x86_64-redhat-linux/8/crtend.o" "/usr/lib/gcc/x86_64-redhat-linux/8/../../../../lib64/crtn.o"" -mIPOPT_il_in_obj -mIPOPT_ipo_activate_warn=FALSE -mIPOPT_obj_output_file_name=/tmp/ipo_icpcWuTm3P.o -mIPOPT_whole_archive_fixup_file_name=/tmp/icpcwarchKTAImd -mGLOB_linker_version=2.30 -mGLOB_linker=ld -mGLOB_driver_tempfile_name=/tmp/icpctempfileTC5bXe -mP3OPT_asm_target=P3OPT_ASM_TARGET_GAS -mGLOB_async_unwind_tables=TRUE -mGLOB_obj_output_file=/tmp/ipo_icpcWuTm3P.o -mGLOB_source_dialect=GLOB_SOURCE_DIALECT_NONE -mP1OPT_source_file_name=ipo_out.c CMakeFiles/cmTC_28ab0.dir/CMakeCXXCompilerABI.cpp.o -mIPOPT_object_files=T -mIPOPT_assembly_files=/tmp/icpcalisNZWMul -mIPOPT_generated_tempfiles=/tmp/icpcelisuEnCFd -mIPOPT_embedded_object_base_name=/tmp/icpceobjYjVZQ1 -mIPOPT_cmdline_link_new_name=/tmp/icpcllisfSnjtA]
  link line: [ld    /usr/lib/gcc/x86_64-redhat-linux/8/../../../../lib64/crt1.o /usr/lib/gcc/x86_64-redhat-linux/8/../../../../lib64/crti.o /usr/lib/gcc/x86_64-redhat-linux/8/crtbegin.o --eh-frame-hdr --build-id -dynamic-linker /lib64/ld-linux-x86-64.so.2 -m elf_x86_64 -o cmTC_28ab0 -L/opt/intel/compilers_and_libraries_2020.1.217/linux/mpi/intel64/lib -L/usr/local/intel/lib64/intel-mpi -L/opt/intel/compilers_and_libraries_2020.1.217/linux/tbb/lib/intel64/gcc4.8 -L/opt/intel/compilers_and_libraries_2020.1.217/linux/compiler/lib/intel64 -L/opt/intel/compilers_and_libraries_2020.1.217/linux/mkl/lib/intel64 -L/usr/local/intel/lib64 -L/opt/intel/compilers_and_libraries_2020.1.217/linux/compiler/lib/intel64_lin -L/usr/local/intel/lib64/../lib64 -L/usr/local/intel/lib64/../lib64/ -L/usr/lib/gcc/x86_64-redhat-linux/8/ -L/usr/lib/gcc/x86_64-redhat-linux/8/../../../../lib64 -L/usr/lib/gcc/x86_64-redhat-linux/8/../../../../lib64/ -L/lib/../lib64 -L/lib/../lib64/ -L/usr/lib/../lib64 -L/usr/lib/../lib64/ -L/opt/intel/compilers_and_libraries_2020.1.217/linux/mpi/intel64/lib/ -L/usr/local/intel/lib64/intel-mpi/ -L/opt/intel/compilers_and_libraries_2020.1.217/linux/tbb/lib/intel64/gcc4.8/ -L/opt/intel/compilers_and_libraries_2020.1.217/linux/compiler/lib/intel64/ -L/opt/intel/compilers_and_libraries_2020.1.217/linux/mkl/lib/intel64/ -L/usr/local/intel/lib64 -L/usr/local/intel/lib64/ -L/usr/lib/gcc/x86_64-redhat-linux/8/../../../ -L/lib64 -L/lib/ -L/usr/lib64 -L/usr/lib CMakeFiles/cmTC_28ab0.dir/CMakeCXXCompilerABI.cpp.o -Bdynamic -Bstatic -limf -lsvml -lirng -Bdynamic -lstdc++ -lm -Bstatic -lipgo -ldecimal --as-needed -Bdynamic -lcilkrts --no-as-needed -lstdc++ -lgcc -lgcc_s -Bstatic -lirc -lsvml -Bdynamic -lc -lgcc -lgcc_s -Bstatic -lirc_s -Bdynamic -ldl -lc /usr/lib/gcc/x86_64-redhat-linux/8/crtend.o /usr/lib/gcc/x86_64-redhat-linux/8/../../../../lib64/crtn.o]
    arg [ld] ==> ignore
    arg [/usr/lib/gcc/x86_64-redhat-linux/8/../../../../lib64/crt1.o] ==> obj [/usr/lib/gcc/x86_64-redhat-linux/8/../../../../lib64/crt1.o]
    arg [/usr/lib/gcc/x86_64-redhat-linux/8/../../../../lib64/crti.o] ==> obj [/usr/lib/gcc/x86_64-redhat-linux/8/../../../../lib64/crti.o]
    arg [/usr/lib/gcc/x86_64-redhat-linux/8/crtbegin.o] ==> obj [/usr/lib/gcc/x86_64-redhat-linux/8/crtbegin.o]
    arg [--eh-frame-hdr] ==> ignore
    arg [--build-id] ==> ignore
    arg [-dynamic-linker] ==> ignore
    arg [/lib64/ld-linux-x86-64.so.2] ==> ignore
    arg [-m] ==> ignore
    arg [elf_x86_64] ==> ignore
    arg [-o] ==> ignore
    arg [cmTC_28ab0] ==> ignore
    arg [-L/opt/intel/compilers_and_libraries_2020.1.217/linux/mpi/intel64/lib] ==> dir [/opt/intel/compilers_and_libraries_2020.1.217/linux/mpi/intel64/lib]
    arg [-L/usr/local/intel/lib64/intel-mpi] ==> dir [/usr/local/intel/lib64/intel-mpi]
    arg [-L/opt/intel/compilers_and_libraries_2020.1.217/linux/tbb/lib/intel64/gcc4.8] ==> dir [/opt/intel/compilers_and_libraries_2020.1.217/linux/tbb/lib/intel64/gcc4.8]
    arg [-L/opt/intel/compilers_and_libraries_2020.1.217/linux/compiler/lib/intel64] ==> dir [/opt/intel/compilers_and_libraries_2020.1.217/linux/compiler/lib/intel64]
    arg [-L/opt/intel/compilers_and_libraries_2020.1.217/linux/mkl/lib/intel64] ==> dir [/opt/intel/compilers_and_libraries_2020.1.217/linux/mkl/lib/intel64]
    arg [-L/usr/local/intel/lib64] ==> dir [/usr/local/intel/lib64]
    arg [-L/opt/intel/compilers_and_libraries_2020.1.217/linux/compiler/lib/intel64_lin] ==> dir [/opt/intel/compilers_and_libraries_2020.1.217/linux/compiler/lib/intel64_lin]
    arg [-L/usr/local/intel/lib64/../lib64] ==> dir [/usr/local/intel/lib64/../lib64]
    arg [-L/usr/local/intel/lib64/../lib64/] ==> dir [/usr/local/intel/lib64/../lib64/]
    arg [-L/usr/lib/gcc/x86_64-redhat-linux/8/] ==> dir [/usr/lib/gcc/x86_64-redhat-linux/8/]
    arg [-L/usr/lib/gcc/x86_64-redhat-linux/8/../../../../lib64] ==> dir [/usr/lib/gcc/x86_64-redhat-linux/8/../../../../lib64]
    arg [-L/usr/lib/gcc/x86_64-redhat-linux/8/../../../../lib64/] ==> dir [/usr/lib/gcc/x86_64-redhat-linux/8/../../../../lib64/]
    arg [-L/lib/../lib64] ==> dir [/lib/../lib64]
    arg [-L/lib/../lib64/] ==> dir [/lib/../lib64/]
    arg [-L/usr/lib/../lib64] ==> dir [/usr/lib/../lib64]
    arg [-L/usr/lib/../lib64/] ==> dir [/usr/lib/../lib64/]
    arg [-L/opt/intel/compilers_and_libraries_2020.1.217/linux/mpi/intel64/lib/] ==> dir [/opt/intel/compilers_and_libraries_2020.1.217/linux/mpi/intel64/lib/]
    arg [-L/usr/local/intel/lib64/intel-mpi/] ==> dir [/usr/local/intel/lib64/intel-mpi/]
    arg [-L/opt/intel/compilers_and_libraries_2020.1.217/linux/tbb/lib/intel64/gcc4.8/] ==> dir [/opt/intel/compilers_and_libraries_2020.1.217/linux/tbb/lib/intel64/gcc4.8/]
    arg [-L/opt/intel/compilers_and_libraries_2020.1.217/linux/compiler/lib/intel64/] ==> dir [/opt/intel/compilers_and_libraries_2020.1.217/linux/compiler/lib/intel64/]
    arg [-L/opt/intel/compilers_and_libraries_2020.1.217/linux/mkl/lib/intel64/] ==> dir [/opt/intel/compilers_and_libraries_2020.1.217/linux/mkl/lib/intel64/]
    arg [-L/usr/local/intel/lib64] ==> dir [/usr/local/intel/lib64]
    arg [-L/usr/local/intel/lib64/] ==> dir [/usr/local/intel/lib64/]
    arg [-L/usr/lib/gcc/x86_64-redhat-linux/8/../../../] ==> dir [/usr/lib/gcc/x86_64-redhat-linux/8/../../../]
    arg [-L/lib64] ==> dir [/lib64]
    arg [-L/lib/] ==> dir [/lib/]
    arg [-L/usr/lib64] ==> dir [/usr/lib64]
    arg [-L/usr/lib] ==> dir [/usr/lib]
    arg [CMakeFiles/cmTC_28ab0.dir/CMakeCXXCompilerABI.cpp.o] ==> ignore
    arg [-Bdynamic] ==> ignore
    arg [-Bstatic] ==> ignore
    arg [-limf] ==> lib [imf]
    arg [-lsvml] ==> lib [svml]
    arg [-lirng] ==> lib [irng]
    arg [-Bdynamic] ==> ignore
    arg [-lstdc++] ==> lib [stdc++]
    arg [-lm] ==> lib [m]
    arg [-Bstatic] ==> ignore
    arg [-lipgo] ==> lib [ipgo]
    arg [-ldecimal] ==> lib [decimal]
    arg [--as-needed] ==> ignore
    arg [-Bdynamic] ==> ignore
    arg [-lcilkrts] ==> lib [cilkrts]
    arg [--no-as-needed] ==> ignore
    arg [-lstdc++] ==> lib [stdc++]
    arg [-lgcc] ==> lib [gcc]
    arg [-lgcc_s] ==> lib [gcc_s]
    arg [-Bstatic] ==> ignore
    arg [-lirc] ==> lib [irc]
    arg [-lsvml] ==> lib [svml]
    arg [-Bdynamic] ==> ignore
    arg [-lc] ==> lib [c]
    arg [-lgcc] ==> lib [gcc]
    arg [-lgcc_s] ==> lib [gcc_s]
    arg [-Bstatic] ==> ignore
    arg [-lirc_s] ==> lib [irc_s]
    arg [-Bdynamic] ==> ignore
    arg [-ldl] ==> lib [dl]
    arg [-lc] ==> lib [c]
    arg [/usr/lib/gcc/x86_64-redhat-linux/8/crtend.o] ==> obj [/usr/lib/gcc/x86_64-redhat-linux/8/crtend.o]
    arg [/usr/lib/gcc/x86_64-redhat-linux/8/../../../../lib64/crtn.o] ==> obj [/usr/lib/gcc/x86_64-redhat-linux/8/../../../../lib64/crtn.o]
  collapse obj [/usr/lib/gcc/x86_64-redhat-linux/8/../../../../lib64/crt1.o] ==> [/usr/lib64/crt1.o]
  collapse obj [/usr/lib/gcc/x86_64-redhat-linux/8/../../../../lib64/crti.o] ==> [/usr/lib64/crti.o]
  collapse obj [/usr/lib/gcc/x86_64-redhat-linux/8/../../../../lib64/crtn.o] ==> [/usr/lib64/crtn.o]
  collapse library dir [/opt/intel/compilers_and_libraries_2020.1.217/linux/mpi/intel64/lib] ==> [/opt/intel/compilers_and_libraries_2020.1.217/linux/mpi/intel64/lib]
  collapse library dir [/usr/local/intel/lib64/intel-mpi] ==> [/usr/local/intel/lib64/intel-mpi]
  collapse library dir [/opt/intel/compilers_and_libraries_2020.1.217/linux/tbb/lib/intel64/gcc4.8] ==> [/opt/intel/compilers_and_libraries_2020.1.217/linux/tbb/lib/intel64/gcc4.8]
  collapse library dir [/opt/intel/compilers_and_libraries_2020.1.217/linux/compiler/lib/intel64] ==> [/opt/intel/compilers_and_libraries_2020.1.217/linux/compiler/lib/intel64]
  collapse library dir [/opt/intel/compilers_and_libraries_2020.1.217/linux/mkl/lib/intel64] ==> [/opt/intel/compilers_and_libraries_2020.1.217/linux/mkl/lib/intel64]
  collapse library dir [/usr/local/intel/lib64] ==> [/usr/local/intel/lib64]
  collapse library dir [/opt/intel/compilers_and_libraries_2020.1.217/linux/compiler/lib/intel64_lin] ==> [/opt/intel/compilers_and_libraries_2020.1.217/linux/compiler/lib/intel64_lin]
  collapse library dir [/usr/local/intel/lib64/../lib64] ==> [/usr/local/intel/lib64]
  collapse library dir [/usr/local/intel/lib64/../lib64/] ==> [/usr/local/intel/lib64]
  collapse library dir [/usr/lib/gcc/x86_64-redhat-linux/8/] ==> [/usr/lib/gcc/x86_64-redhat-linux/8]
  collapse library dir [/usr/lib/gcc/x86_64-redhat-linux/8/../../../../lib64] ==> [/usr/lib64]
  collapse library dir [/usr/lib/gcc/x86_64-redhat-linux/8/../../../../lib64/] ==> [/usr/lib64]
  collapse library dir [/lib/../lib64] ==> [/lib64]
  collapse library dir [/lib/../lib64/] ==> [/lib64]
  collapse library dir [/usr/lib/../lib64] ==> [/usr/lib64]
  collapse library dir [/usr/lib/../lib64/] ==> [/usr/lib64]
  collapse library dir [/opt/intel/compilers_and_libraries_2020.1.217/linux/mpi/intel64/lib/] ==> [/opt/intel/compilers_and_libraries_2020.1.217/linux/mpi/intel64/lib]
  collapse library dir [/usr/local/intel/lib64/intel-mpi/] ==> [/usr/local/intel/lib64/intel-mpi]
  collapse library dir [/opt/intel/compilers_and_libraries_2020.1.217/linux/tbb/lib/intel64/gcc4.8/] ==> [/opt/intel/compilers_and_libraries_2020.1.217/linux/tbb/lib/intel64/gcc4.8]
  collapse library dir [/opt/intel/compilers_and_libraries_2020.1.217/linux/compiler/lib/intel64/] ==> [/opt/intel/compilers_and_libraries_2020.1.217/linux/compiler/lib/intel64]
  collapse library dir [/opt/intel/compilers_and_libraries_2020.1.217/linux/mkl/lib/intel64/] ==> [/opt/intel/compilers_and_libraries_2020.1.217/linux/mkl/lib/intel64]
  collapse library dir [/usr/local/intel/lib64] ==> [/usr/local/intel/lib64]
  collapse library dir [/usr/local/intel/lib64/] ==> [/usr/local/intel/lib64]
  collapse library dir [/usr/lib/gcc/x86_64-redhat-linux/8/../../../] ==> [/usr/lib]
  collapse library dir [/lib64] ==> [/lib64]
  collapse library dir [/lib/] ==> [/lib]
  collapse library dir [/usr/lib64] ==> [/usr/lib64]
  collapse library dir [/usr/lib] ==> [/usr/lib]
  implicit libs: [imf;svml;irng;stdc++;m;ipgo;decimal;cilkrts;stdc++;gcc;gcc_s;irc;svml;c;gcc;gcc_s;irc_s;dl;c]
  implicit objs: [/usr/lib64/crt1.o;/usr/lib64/crti.o;/usr/lib/gcc/x86_64-redhat-linux/8/crtbegin.o;/usr/lib/gcc/x86_64-redhat-linux/8/crtend.o;/usr/lib64/crtn.o]
  implicit dirs: [/opt/intel/compilers_and_libraries_2020.1.217/linux/mpi/intel64/lib;/usr/local/intel/lib64/intel-mpi;/opt/intel/compilers_and_libraries_2020.1.217/linux/tbb/lib/intel64/gcc4.8;/opt/intel/compilers_and_libraries_2020.1.217/linux/compiler/lib/intel64;/opt/intel/compilers_and_libraries_2020.1.217/linux/mkl/lib/intel64;/usr/local/intel/lib64;/opt/intel/compilers_and_libraries_2020.1.217/linux/compiler/lib/intel64_lin;/usr/lib/gcc/x86_64-redhat-linux/8;/usr/lib64;/lib64;/usr/lib;/lib]
  implicit fwks: []


Detecting CXX OpenMP compiler ABI info compiled with the following output:
Change Dir: /home/kc32/software/lammps-stable_29Sep2021/build/CMakeFiles/CMakeTmp

Run Build Command(s):/usr/bin/gmake -f Makefile cmTC_27f80/fast && /usr/bin/gmake  -f CMakeFiles/cmTC_27f80.dir/build.make CMakeFiles/cmTC_27f80.dir/build
gmake[1]: Entering directory '/home/kc32/software/lammps-stable_29Sep2021/build/CMakeFiles/CMakeTmp'
Building CXX object CMakeFiles/cmTC_27f80.dir/OpenMPTryFlag.cpp.o
/opt/intel/compilers_and_libraries_2020.1.217/linux/bin/intel64/icpc   -restrict -qopenmp -v -std=c++11 -MD -MT CMakeFiles/cmTC_27f80.dir/OpenMPTryFlag.cpp.o -MF CMakeFiles/cmTC_27f80.dir/OpenMPTryFlag.cpp.o.d -o CMakeFiles/cmTC_27f80.dir/OpenMPTryFlag.cpp.o -c /home/kc32/software/lammps-stable_29Sep2021/build/CMakeFiles/FindOpenMP/OpenMPTryFlag.cpp
icpc version 19.1.1.217 (gcc version 8.5.0 compatibility)
/opt/intel/compilers_and_libraries_2020.1.217/linux/bin/intel64/mcpcom    --target_efi2 --lang=c++ -oCMakeFiles/cmTC_27f80.dir/OpenMPTryFlag.cpp.o -_g -mP3OPT_inline_alloca -D__ICC=1910 -D__INTEL_COMPILER=1910 -D__INTEL_COMPILER_UPDATE=0 -D__PTRDIFF_TYPE__=long "-D__SIZE_TYPE__=unsigned long" -D__WCHAR_TYPE__=int "-D__WINT_TYPE__=unsigned int" "-D__INTMAX_TYPE__=long int" "-D__UINTMAX_TYPE__=long unsigned int" -D__INTEL_CXX11_MODE__ -D__LONG_MAX__=9223372036854775807L -D__QMSPP_ -D__OPTIMIZE__ -D__NO_MATH_INLINES -D__NO_STRING_INLINES -D__GNUC_GNU_INLINE__ -D__STRICT_ANSI__ -D__GNUG__=8 -D__GNUC__=8 -D__GNUC_MINOR__=5 -D__GNUC_PATCHLEVEL__=0 -D__LP64__ -D_LP64 -D_GNU_SOURCE=1 -D__DEPRECATED=1 -D__GXX_WEAK__=1 -D__GXX_ABI_VERSION=1010 "-D__USER_LABEL_PREFIX__= " -D__REGISTER_PREFIX__= -D__INTEL_RTTI__ -D__EXCEPTIONS=1 -D__unix__ -D__unix -D__linux__ -D__linux -D__gnu_linux__ -B "-_Asystem(unix)" -D__ELF__ -D__x86_64 -D__x86_64__ -D__amd64 -D__amd64__ "-_Acpu(x86_64)" "-_Amachine(x86_64)" -D__INTEL_COMPILER_BUILD_DATE=20200306 -D_OPENMP=201611 -D__INTEL_OFFLOAD -D__MMX__ -D__SSE__ -D__SSE_MATH__ -D__SSE2__ -D__SSE2_MATH__ -D__pentium4 -D__pentium4__ -D__tune_pentium4__ -_k -_8 -_l --has_new_stdarg_support -_a -_b --gnu_version=80500 -_W5 -p --bool -tused -x --openmp --openmp_tasks --openmp_simd --openmp_offload --restrict --dependency_file_name CMakeFiles/cmTC_27f80.dir/OpenMPTryFlag.cpp.o.d --compile_dependencies --dependency_target_name CMakeFiles/cmTC_27f80.dir/OpenMPTryFlag.cpp.o --c++0x --multibyte_chars -mGLOB_diag_suppress_sys --system_preinclude /usr/include/stdc-predef.h -I/opt/intel/compilers_and_libraries_2020.1.217/linux/pstl/include -I/opt/intel/compilers_and_libraries_2020.1.217/linux/mpi/intel64/include -I/opt/intel/compilers_and_libraries_2020.1.217/linux/mkl/include -I/opt/intel/compilers_and_libraries_2020.1.217/linux/tbb/include -I/opt/intel/compilers_and_libraries_2020.1.217/linux/pstl/include -I/usr/local/intel/include --array_section --simd --simd_func --offload_mode=1 --offload_target_names=mic,MIC --offload_unique_string=icpc0435329850nbrtPJ --bool -mGLOB_em64t=TRUE -mP1OPT_version=19.1-intel64 -mGLOB_diag_file=CMakeFiles/cmTC_27f80.dir/OpenMPTryFlag.cpp.diag -mGLOB_long_size_64 -mGLOB_routine_pointer_size_64 -mP1OPT_print_version=FALSE -mCG_use_gas_got_workaround=F -mP2OPT_align_option_used=TRUE -mGLOB_gcc_version=850 "-mGLOB_options_string=-restrict -qopenmp -v -std=c++11 -MD -MT CMakeFiles/cmTC_27f80.dir/OpenMPTryFlag.cpp.o -MF CMakeFiles/cmTC_27f80.dir/OpenMPTryFlag.cpp.o.d -o CMakeFiles/cmTC_27f80.dir/OpenMPTryFlag.cpp.o -c" -mGLOB_cxx_limited_range=FALSE -mCG_extend_parms=FALSE -mGLOB_compiler_bin_directory=/opt/intel/compilers_and_libraries_2020.1.217/linux/bin/intel64 -mGLOB_as_output_backup_file_name=/tmp/icpcsnBpLMas_.s -mIPOPT_activate -mIPOPT_lite -mGLOB_uarch_tuning=0x0 -mGLOB_product_id_code=0x22006d90 -mCG_bnl_movbe=T -mP3OPT_use_mspp_call_convention -mP2OPT_subs_out_of_bound=FALSE -mP2OPT_disam_type_based_disam=2 -mP2OPT_disam_assume_ansi_c -mP2OPT_checked_disam_ansi_alias=TRUE -mGLOB_ansi_alias -mPGOPTI_value_profile_use=T -mPAROPT_openmp=TRUE -mP2OPT_hpo_omp_simd_only=FALSE -mP2OPT_il0_array_sections=TRUE -mGLOB_offload_mode=1 -mP2OPT_offload_unique_var_string=icpc0435329850nbrtPJ -mP2OPT_hlo_level=2 -mP2OPT_hlo -mP2OPT_restrict_in_function -mP2OPT_hpo_rtt_control=0 -mIPOPT_args_in_regs=0 -mP2OPT_disam_assume_nonstd_intent_in=FALSE -mGLOB_imf_mapping_library=/opt/intel/compilers_and_libraries_2020.1.217/linux/bin/intel64/libiml_attr.so -mPGOPTI_gen_threadsafe_level=0 -mIPOPT_lto_object_enabled -mIPOPT_lto_object_value=1 -mIPOPT_obj_output_file_name=CMakeFiles/cmTC_27f80.dir/OpenMPTryFlag.cpp.o -mIPOPT_whole_archive_fixup_file_name=/tmp/icpcwarchSCFwtK -mGLOB_linker_version=2.30 -mGLOB_linker=ld -mGLOB_driver_tempfile_name=/tmp/icpctempfileMa0MvR -mP3OPT_asm_target=P3OPT_ASM_TARGET_GAS -mGLOB_async_unwind_tables=TRUE -mGLOB_obj_output_file=CMakeFiles/cmTC_27f80.dir/OpenMPTryFlag.cpp.o -mGLOB_source_dialect=GLOB_SOURCE_DIALECT_C_PLUS_PLUS -mP1OPT_source_file_name=/home/kc32/software/lammps-stable_29Sep2021/build/CMakeFiles/FindOpenMP/OpenMPTryFlag.cpp -mP1OPT_full_source_file_name=/home/kc32/software/lammps-stable_29Sep2021/build/CMakeFiles/FindOpenMP/OpenMPTryFlag.cpp -mGLOB_eh_linux /home/kc32/software/lammps-stable_29Sep2021/build/CMakeFiles/FindOpenMP/OpenMPTryFlag.cpp
#include "..." search starts here:
#include <...> search starts here:
 /opt/intel/compilers_and_libraries_2020.1.217/linux/pstl/include
 /opt/intel/compilers_and_libraries_2020.1.217/linux/mpi/intel64/include
 /opt/intel/compilers_and_libraries_2020.1.217/linux/mkl/include
 /opt/intel/compilers_and_libraries_2020.1.217/linux/tbb/include
 /opt/intel/compilers_and_libraries_2020.1.217/linux/pstl/include
 /usr/local/intel/include
 /opt/intel/compilers_and_libraries_2020.1.217/linux/compiler/include/intel64
 /opt/intel/compilers_and_libraries_2020.1.217/linux/compiler/include/icc
 /opt/intel/compilers_and_libraries_2020.1.217/linux/compiler/include
 /usr/include/c++/8
 /usr/include/c++/8/x86_64-redhat-linux
 /usr/include/c++/8/backward
 /usr/local/include
 /usr/lib/gcc/x86_64-redhat-linux/8/include
 /usr/include/
 /usr/include
End of search list.
Linking CXX executable cmTC_27f80
/usr/bin/cmake -E cmake_link_script CMakeFiles/cmTC_27f80.dir/link.txt --verbose=1
/opt/intel/compilers_and_libraries_2020.1.217/linux/bin/intel64/icpc  -restrict -qopenmp -v CMakeFiles/cmTC_27f80.dir/OpenMPTryFlag.cpp.o -o cmTC_27f80  -v 
icpc version 19.1.1.217 (gcc version 8.5.0 compatibility)
/opt/intel/compilers_and_libraries_2020.1.217/linux/bin/intel64/mcpcom    -mGLOB_em64t=TRUE -mP1OPT_version=19.1-intel64 -mGLOB_diag_file=CMakeFiles/cmTC_27f80.dir/OpenMPTryFlag.cpp.diag -mGLOB_long_size_64 -mGLOB_routine_pointer_size_64 -mP1OPT_print_version=FALSE -mCG_use_gas_got_workaround=F -mP2OPT_align_option_used=TRUE -mGLOB_gcc_version=850 "-mGLOB_options_string=-restrict -qopenmp -v -o cmTC_27f80 -v" -mGLOB_cxx_limited_range=FALSE -mCG_extend_parms=FALSE -mGLOB_compiler_bin_directory=/opt/intel/compilers_and_libraries_2020.1.217/linux/bin/intel64 -mGLOB_as_output_backup_file_name=/tmp/icpcLXaVjZas_.s -mGLOB_dashboard_use_source_name -mIPOPT_activate -mGLOB_product_id_code=0x22006d90 -mP3OPT_use_mspp_call_convention -mP2OPT_subs_out_of_bound=FALSE -mP2OPT_disam_type_based_disam=2 -mP2OPT_disam_assume_ansi_c -mP2OPT_checked_disam_ansi_alias=TRUE -mGLOB_ansi_alias -mPGOPTI_value_profile_use=T -mGLOB_opt_report_use_source_name -mPAROPT_openmp=TRUE -mP2OPT_hpo_omp_simd_only=FALSE -mP2OPT_il0_array_sections=TRUE -mGLOB_offload_mode=1 -mP2OPT_offload_unique_var_string=icpc1904957125zcnZGo -mP2OPT_hlo -mP2OPT_restrict_in_function -mP2OPT_hpo_rtt_control=0 -mIPOPT_args_in_regs=0 -mP2OPT_disam_assume_nonstd_intent_in=FALSE -mGLOB_imf_mapping_library=/opt/intel/compilers_and_libraries_2020.1.217/linux/bin/intel64/libiml_attr.so -mPGOPTI_gen_threadsafe_level=0 -mIPOPT_link -mIPOPT_ipo_activate -mIPOPT_mo_activate -mIPOPT_source_files_list=/tmp/icpcslisKIJpy8 -mIPOPT_mo_global_data -mIPOPT_link_script_file=/tmp/icpcscriptJZP0TT "-mIPOPT_cmdline_link="/usr/lib/gcc/x86_64-redhat-linux/8/../../../../lib64/crt1.o" "/usr/lib/gcc/x86_64-redhat-linux/8/../../../../lib64/crti.o" "/usr/lib/gcc/x86_64-redhat-linux/8/crtbegin.o" "--eh-frame-hdr" "--build-id" "-dynamic-linker" "/lib64/ld-linux-x86-64.so.2" "-m" "elf_x86_64" "-o" "cmTC_27f80" "-L/opt/intel/compilers_and_libraries_2020.1.217/linux/mpi/intel64/lib" "-L/usr/local/intel/lib64/intel-mpi" "-L/opt/intel/compilers_and_libraries_2020.1.217/linux/tbb/lib/intel64/gcc4.8" "-L/opt/intel/compilers_and_libraries_2020.1.217/linux/compiler/lib/intel64" "-L/opt/intel/compilers_and_libraries_2020.1.217/linux/mkl/lib/intel64" "-L/usr/local/intel/lib64" "-L/opt/intel/compilers_and_libraries_2020.1.217/linux/compiler/lib/intel64_lin" "-L/usr/local/intel/lib64/../lib64" "-L/usr/local/intel/lib64/../lib64/" "-L/usr/lib/gcc/x86_64-redhat-linux/8/" "-L/usr/lib/gcc/x86_64-redhat-linux/8/../../../../lib64" "-L/usr/lib/gcc/x86_64-redhat-linux/8/../../../../lib64/" "-L/lib/../lib64" "-L/lib/../lib64/" "-L/usr/lib/../lib64" "-L/usr/lib/../lib64/" "-L/opt/intel/compilers_and_libraries_2020.1.217/linux/mpi/intel64/lib/" "-L/usr/local/intel/lib64/intel-mpi/" "-L/opt/intel/compilers_and_libraries_2020.1.217/linux/tbb/lib/intel64/gcc4.8/" "-L/opt/intel/compilers_and_libraries_2020.1.217/linux/compiler/lib/intel64/" "-L/opt/intel/compilers_and_libraries_2020.1.217/linux/mkl/lib/intel64/" "-L/usr/local/intel/lib64" "-L/usr/local/intel/lib64/" "-L/usr/lib/gcc/x86_64-redhat-linux/8/../../../" "-L/lib64" "-L/lib/" "-L/usr/lib64" "-L/usr/lib" "CMakeFiles/cmTC_27f80.dir/OpenMPTryFlag.cpp.o" "-Bdynamic" "-Bstatic" "-limf" "-lsvml" "-lirng" "-Bdynamic" "-lstdc++" "-lm" "-Bstatic" "-lipgo" "-ldecimal" "-Bdynamic" "-liomp5" "--as-needed" "-lcilkrts" "--no-as-needed" "-lstdc++" "-lgcc" "-lgcc_s" "-Bstatic" "-lirc" "-Bdynamic" "-lpthread" "-Bstatic" "-lsvml" "-Bdynamic" "-lc" "-lgcc" "-lgcc_s" "-Bstatic" "-lirc_s" "-Bdynamic" "-ldl" "-lc" "/usr/lib/gcc/x86_64-redhat-linux/8/crtend.o" "/usr/lib/gcc/x86_64-redhat-linux/8/../../../../lib64/crtn.o"" -mIPOPT_il_in_obj -mIPOPT_ipo_activate_warn=FALSE -mIPOPT_obj_output_file_name=/tmp/ipo_icpcFDSQqr.o -mIPOPT_whole_archive_fixup_file_name=/tmp/icpcwarch3nhawH -mGLOB_linker_version=2.30 -mGLOB_linker=ld -mGLOB_driver_tempfile_name=/tmp/icpctempfileQW2K5B -mP3OPT_asm_target=P3OPT_ASM_TARGET_GAS -mGLOB_async_unwind_tables=TRUE -mGLOB_obj_output_file=/tmp/ipo_icpcFDSQqr.o -mGLOB_source_dialect=GLOB_SOURCE_DIALECT_NONE -mP1OPT_source_file_name=ipo_out.c CMakeFiles/cmTC_27f80.dir/OpenMPTryFlag.cpp.o -mIPOPT_object_files=T -mIPOPT_assembly_files=/tmp/icpcaliswBZu4N -mIPOPT_generated_tempfiles=/tmp/icpcelisFqwTfw -mIPOPT_embedded_object_base_name=/tmp/icpceobj0kR5wD -mIPOPT_cmdline_link_new_name=/tmp/icpcllisnSScmI
ld    /usr/lib/gcc/x86_64-redhat-linux/8/../../../../lib64/crt1.o /usr/lib/gcc/x86_64-redhat-linux/8/../../../../lib64/crti.o /usr/lib/gcc/x86_64-redhat-linux/8/crtbegin.o --eh-frame-hdr --build-id -dynamic-linker /lib64/ld-linux-x86-64.so.2 -m elf_x86_64 -o cmTC_27f80 -L/opt/intel/compilers_and_libraries_2020.1.217/linux/mpi/intel64/lib -L/usr/local/intel/lib64/intel-mpi -L/opt/intel/compilers_and_libraries_2020.1.217/linux/tbb/lib/intel64/gcc4.8 -L/opt/intel/compilers_and_libraries_2020.1.217/linux/compiler/lib/intel64 -L/opt/intel/compilers_and_libraries_2020.1.217/linux/mkl/lib/intel64 -L/usr/local/intel/lib64 -L/opt/intel/compilers_and_libraries_2020.1.217/linux/compiler/lib/intel64_lin -L/usr/local/intel/lib64/../lib64 -L/usr/local/intel/lib64/../lib64/ -L/usr/lib/gcc/x86_64-redhat-linux/8/ -L/usr/lib/gcc/x86_64-redhat-linux/8/../../../../lib64 -L/usr/lib/gcc/x86_64-redhat-linux/8/../../../../lib64/ -L/lib/../lib64 -L/lib/../lib64/ -L/usr/lib/../lib64 -L/usr/lib/../lib64/ -L/opt/intel/compilers_and_libraries_2020.1.217/linux/mpi/intel64/lib/ -L/usr/local/intel/lib64/intel-mpi/ -L/opt/intel/compilers_and_libraries_2020.1.217/linux/tbb/lib/intel64/gcc4.8/ -L/opt/intel/compilers_and_libraries_2020.1.217/linux/compiler/lib/intel64/ -L/opt/intel/compilers_and_libraries_2020.1.217/linux/mkl/lib/intel64/ -L/usr/local/intel/lib64 -L/usr/local/intel/lib64/ -L/usr/lib/gcc/x86_64-redhat-linux/8/../../../ -L/lib64 -L/lib/ -L/usr/lib64 -L/usr/lib CMakeFiles/cmTC_27f80.dir/OpenMPTryFlag.cpp.o -Bdynamic -Bstatic -limf -lsvml -lirng -Bdynamic -lstdc++ -lm -Bstatic -lipgo -ldecimal -Bdynamic -liomp5 --as-needed -lcilkrts --no-as-needed -lstdc++ -lgcc -lgcc_s -Bstatic -lirc -Bdynamic -lpthread -Bstatic -lsvml -Bdynamic -lc -lgcc -lgcc_s -Bstatic -lirc_s -Bdynamic -ldl -lc /usr/lib/gcc/x86_64-redhat-linux/8/crtend.o /usr/lib/gcc/x86_64-redhat-linux/8/../../../../lib64/crtn.o
gmake[1]: Leaving directory '/home/kc32/software/lammps-stable_29Sep2021/build/CMakeFiles/CMakeTmp'



Parsed CXX OpenMP implicit link information from above output:
  link line regex: [^( *|.*[/\])(ld|CMAKE_LINK_STARTFILE-NOTFOUND|([^/\]+-)?ld|collect2)[^/\]*( |$)]
  ignore line: [Change Dir: /home/kc32/software/lammps-stable_29Sep2021/build/CMakeFiles/CMakeTmp]
  ignore line: []
  ignore line: [Run Build Command(s):/usr/bin/gmake -f Makefile cmTC_27f80/fast && /usr/bin/gmake  -f CMakeFiles/cmTC_27f80.dir/build.make CMakeFiles/cmTC_27f80.dir/build]
  ignore line: [gmake[1]: Entering directory '/home/kc32/software/lammps-stable_29Sep2021/build/CMakeFiles/CMakeTmp']
  ignore line: [Building CXX object CMakeFiles/cmTC_27f80.dir/OpenMPTryFlag.cpp.o]
  ignore line: [/opt/intel/compilers_and_libraries_2020.1.217/linux/bin/intel64/icpc   -restrict -qopenmp -v -std=c++11 -MD -MT CMakeFiles/cmTC_27f80.dir/OpenMPTryFlag.cpp.o -MF CMakeFiles/cmTC_27f80.dir/OpenMPTryFlag.cpp.o.d -o CMakeFiles/cmTC_27f80.dir/OpenMPTryFlag.cpp.o -c /home/kc32/software/lammps-stable_29Sep2021/build/CMakeFiles/FindOpenMP/OpenMPTryFlag.cpp]
  ignore line: [icpc version 19.1.1.217 (gcc version 8.5.0 compatibility)]
  ignore line: [/opt/intel/compilers_and_libraries_2020.1.217/linux/bin/intel64/mcpcom    --target_efi2 --lang=c++ -oCMakeFiles/cmTC_27f80.dir/OpenMPTryFlag.cpp.o -_g -mP3OPT_inline_alloca -D__ICC=1910 -D__INTEL_COMPILER=1910 -D__INTEL_COMPILER_UPDATE=0 -D__PTRDIFF_TYPE__=long "-D__SIZE_TYPE__=unsigned long" -D__WCHAR_TYPE__=int "-D__WINT_TYPE__=unsigned int" "-D__INTMAX_TYPE__=long int" "-D__UINTMAX_TYPE__=long unsigned int" -D__INTEL_CXX11_MODE__ -D__LONG_MAX__=9223372036854775807L -D__QMSPP_ -D__OPTIMIZE__ -D__NO_MATH_INLINES -D__NO_STRING_INLINES -D__GNUC_GNU_INLINE__ -D__STRICT_ANSI__ -D__GNUG__=8 -D__GNUC__=8 -D__GNUC_MINOR__=5 -D__GNUC_PATCHLEVEL__=0 -D__LP64__ -D_LP64 -D_GNU_SOURCE=1 -D__DEPRECATED=1 -D__GXX_WEAK__=1 -D__GXX_ABI_VERSION=1010 "-D__USER_LABEL_PREFIX__= " -D__REGISTER_PREFIX__= -D__INTEL_RTTI__ -D__EXCEPTIONS=1 -D__unix__ -D__unix -D__linux__ -D__linux -D__gnu_linux__ -B "-_Asystem(unix)" -D__ELF__ -D__x86_64 -D__x86_64__ -D__amd64 -D__amd64__ "-_Acpu(x86_64)" "-_Amachine(x86_64)" -D__INTEL_COMPILER_BUILD_DATE=20200306 -D_OPENMP=201611 -D__INTEL_OFFLOAD -D__MMX__ -D__SSE__ -D__SSE_MATH__ -D__SSE2__ -D__SSE2_MATH__ -D__pentium4 -D__pentium4__ -D__tune_pentium4__ -_k -_8 -_l --has_new_stdarg_support -_a -_b --gnu_version=80500 -_W5 -p --bool -tused -x --openmp --openmp_tasks --openmp_simd --openmp_offload --restrict --dependency_file_name CMakeFiles/cmTC_27f80.dir/OpenMPTryFlag.cpp.o.d --compile_dependencies --dependency_target_name CMakeFiles/cmTC_27f80.dir/OpenMPTryFlag.cpp.o --c++0x --multibyte_chars -mGLOB_diag_suppress_sys --system_preinclude /usr/include/stdc-predef.h -I/opt/intel/compilers_and_libraries_2020.1.217/linux/pstl/include -I/opt/intel/compilers_and_libraries_2020.1.217/linux/mpi/intel64/include -I/opt/intel/compilers_and_libraries_2020.1.217/linux/mkl/include -I/opt/intel/compilers_and_libraries_2020.1.217/linux/tbb/include -I/opt/intel/compilers_and_libraries_2020.1.217/linux/pstl/include -I/usr/local/intel/include --array_section --simd --simd_func --offload_mode=1 --offload_target_names=mic MIC --offload_unique_string=icpc0435329850nbrtPJ --bool -mGLOB_em64t=TRUE -mP1OPT_version=19.1-intel64 -mGLOB_diag_file=CMakeFiles/cmTC_27f80.dir/OpenMPTryFlag.cpp.diag -mGLOB_long_size_64 -mGLOB_routine_pointer_size_64 -mP1OPT_print_version=FALSE -mCG_use_gas_got_workaround=F -mP2OPT_align_option_used=TRUE -mGLOB_gcc_version=850 "-mGLOB_options_string=-restrict -qopenmp -v -std=c++11 -MD -MT CMakeFiles/cmTC_27f80.dir/OpenMPTryFlag.cpp.o -MF CMakeFiles/cmTC_27f80.dir/OpenMPTryFlag.cpp.o.d -o CMakeFiles/cmTC_27f80.dir/OpenMPTryFlag.cpp.o -c" -mGLOB_cxx_limited_range=FALSE -mCG_extend_parms=FALSE -mGLOB_compiler_bin_directory=/opt/intel/compilers_and_libraries_2020.1.217/linux/bin/intel64 -mGLOB_as_output_backup_file_name=/tmp/icpcsnBpLMas_.s -mIPOPT_activate -mIPOPT_lite -mGLOB_uarch_tuning=0x0 -mGLOB_product_id_code=0x22006d90 -mCG_bnl_movbe=T -mP3OPT_use_mspp_call_convention -mP2OPT_subs_out_of_bound=FALSE -mP2OPT_disam_type_based_disam=2 -mP2OPT_disam_assume_ansi_c -mP2OPT_checked_disam_ansi_alias=TRUE -mGLOB_ansi_alias -mPGOPTI_value_profile_use=T -mPAROPT_openmp=TRUE -mP2OPT_hpo_omp_simd_only=FALSE -mP2OPT_il0_array_sections=TRUE -mGLOB_offload_mode=1 -mP2OPT_offload_unique_var_string=icpc0435329850nbrtPJ -mP2OPT_hlo_level=2 -mP2OPT_hlo -mP2OPT_restrict_in_function -mP2OPT_hpo_rtt_control=0 -mIPOPT_args_in_regs=0 -mP2OPT_disam_assume_nonstd_intent_in=FALSE -mGLOB_imf_mapping_library=/opt/intel/compilers_and_libraries_2020.1.217/linux/bin/intel64/libiml_attr.so -mPGOPTI_gen_threadsafe_level=0 -mIPOPT_lto_object_enabled -mIPOPT_lto_object_value=1 -mIPOPT_obj_output_file_name=CMakeFiles/cmTC_27f80.dir/OpenMPTryFlag.cpp.o -mIPOPT_whole_archive_fixup_file_name=/tmp/icpcwarchSCFwtK -mGLOB_linker_version=2.30 -mGLOB_linker=ld -mGLOB_driver_tempfile_name=/tmp/icpctempfileMa0MvR -mP3OPT_asm_target=P3OPT_ASM_TARGET_GAS -mGLOB_async_unwind_tables=TRUE -mGLOB_obj_output_file=CMakeFiles/cmTC_27f80.dir/OpenMPTryFlag.cpp.o -mGLOB_source_dialect=GLOB_SOURCE_DIALECT_C_PLUS_PLUS -mP1OPT_source_file_name=/home/kc32/software/lammps-stable_29Sep2021/build/CMakeFiles/FindOpenMP/OpenMPTryFlag.cpp -mP1OPT_full_source_file_name=/home/kc32/software/lammps-stable_29Sep2021/build/CMakeFiles/FindOpenMP/OpenMPTryFlag.cpp -mGLOB_eh_linux /home/kc32/software/lammps-stable_29Sep2021/build/CMakeFiles/FindOpenMP/OpenMPTryFlag.cpp]
  ignore line: [#include "..." search starts here:]
  ignore line: [#include <...> search starts here:]
  ignore line: [ /opt/intel/compilers_and_libraries_2020.1.217/linux/pstl/include]
  ignore line: [ /opt/intel/compilers_and_libraries_2020.1.217/linux/mpi/intel64/include]
  ignore line: [ /opt/intel/compilers_and_libraries_2020.1.217/linux/mkl/include]
  ignore line: [ /opt/intel/compilers_and_libraries_2020.1.217/linux/tbb/include]
  ignore line: [ /opt/intel/compilers_and_libraries_2020.1.217/linux/pstl/include]
  ignore line: [ /usr/local/intel/include]
  ignore line: [ /opt/intel/compilers_and_libraries_2020.1.217/linux/compiler/include/intel64]
  ignore line: [ /opt/intel/compilers_and_libraries_2020.1.217/linux/compiler/include/icc]
  ignore line: [ /opt/intel/compilers_and_libraries_2020.1.217/linux/compiler/include]
  ignore line: [ /usr/include/c++/8]
  ignore line: [ /usr/include/c++/8/x86_64-redhat-linux]
  ignore line: [ /usr/include/c++/8/backward]
  ignore line: [ /usr/local/include]
  ignore line: [ /usr/lib/gcc/x86_64-redhat-linux/8/include]
  ignore line: [ /usr/include/]
  ignore line: [ /usr/include]
  ignore line: [End of search list.]
  ignore line: [Linking CXX executable cmTC_27f80]
  ignore line: [/usr/bin/cmake -E cmake_link_script CMakeFiles/cmTC_27f80.dir/link.txt --verbose=1]
  ignore line: [/opt/intel/compilers_and_libraries_2020.1.217/linux/bin/intel64/icpc  -restrict -qopenmp -v CMakeFiles/cmTC_27f80.dir/OpenMPTryFlag.cpp.o -o cmTC_27f80  -v ]
  ignore line: [icpc version 19.1.1.217 (gcc version 8.5.0 compatibility)]
  ignore line: [/opt/intel/compilers_and_libraries_2020.1.217/linux/bin/intel64/mcpcom    -mGLOB_em64t=TRUE -mP1OPT_version=19.1-intel64 -mGLOB_diag_file=CMakeFiles/cmTC_27f80.dir/OpenMPTryFlag.cpp.diag -mGLOB_long_size_64 -mGLOB_routine_pointer_size_64 -mP1OPT_print_version=FALSE -mCG_use_gas_got_workaround=F -mP2OPT_align_option_used=TRUE -mGLOB_gcc_version=850 "-mGLOB_options_string=-restrict -qopenmp -v -o cmTC_27f80 -v" -mGLOB_cxx_limited_range=FALSE -mCG_extend_parms=FALSE -mGLOB_compiler_bin_directory=/opt/intel/compilers_and_libraries_2020.1.217/linux/bin/intel64 -mGLOB_as_output_backup_file_name=/tmp/icpcLXaVjZas_.s -mGLOB_dashboard_use_source_name -mIPOPT_activate -mGLOB_product_id_code=0x22006d90 -mP3OPT_use_mspp_call_convention -mP2OPT_subs_out_of_bound=FALSE -mP2OPT_disam_type_based_disam=2 -mP2OPT_disam_assume_ansi_c -mP2OPT_checked_disam_ansi_alias=TRUE -mGLOB_ansi_alias -mPGOPTI_value_profile_use=T -mGLOB_opt_report_use_source_name -mPAROPT_openmp=TRUE -mP2OPT_hpo_omp_simd_only=FALSE -mP2OPT_il0_array_sections=TRUE -mGLOB_offload_mode=1 -mP2OPT_offload_unique_var_string=icpc1904957125zcnZGo -mP2OPT_hlo -mP2OPT_restrict_in_function -mP2OPT_hpo_rtt_control=0 -mIPOPT_args_in_regs=0 -mP2OPT_disam_assume_nonstd_intent_in=FALSE -mGLOB_imf_mapping_library=/opt/intel/compilers_and_libraries_2020.1.217/linux/bin/intel64/libiml_attr.so -mPGOPTI_gen_threadsafe_level=0 -mIPOPT_link -mIPOPT_ipo_activate -mIPOPT_mo_activate -mIPOPT_source_files_list=/tmp/icpcslisKIJpy8 -mIPOPT_mo_global_data -mIPOPT_link_script_file=/tmp/icpcscriptJZP0TT "-mIPOPT_cmdline_link="/usr/lib/gcc/x86_64-redhat-linux/8/../../../../lib64/crt1.o" "/usr/lib/gcc/x86_64-redhat-linux/8/../../../../lib64/crti.o" "/usr/lib/gcc/x86_64-redhat-linux/8/crtbegin.o" "--eh-frame-hdr" "--build-id" "-dynamic-linker" "/lib64/ld-linux-x86-64.so.2" "-m" "elf_x86_64" "-o" "cmTC_27f80" "-L/opt/intel/compilers_and_libraries_2020.1.217/linux/mpi/intel64/lib" "-L/usr/local/intel/lib64/intel-mpi" "-L/opt/intel/compilers_and_libraries_2020.1.217/linux/tbb/lib/intel64/gcc4.8" "-L/opt/intel/compilers_and_libraries_2020.1.217/linux/compiler/lib/intel64" "-L/opt/intel/compilers_and_libraries_2020.1.217/linux/mkl/lib/intel64" "-L/usr/local/intel/lib64" "-L/opt/intel/compilers_and_libraries_2020.1.217/linux/compiler/lib/intel64_lin" "-L/usr/local/intel/lib64/../lib64" "-L/usr/local/intel/lib64/../lib64/" "-L/usr/lib/gcc/x86_64-redhat-linux/8/" "-L/usr/lib/gcc/x86_64-redhat-linux/8/../../../../lib64" "-L/usr/lib/gcc/x86_64-redhat-linux/8/../../../../lib64/" "-L/lib/../lib64" "-L/lib/../lib64/" "-L/usr/lib/../lib64" "-L/usr/lib/../lib64/" "-L/opt/intel/compilers_and_libraries_2020.1.217/linux/mpi/intel64/lib/" "-L/usr/local/intel/lib64/intel-mpi/" "-L/opt/intel/compilers_and_libraries_2020.1.217/linux/tbb/lib/intel64/gcc4.8/" "-L/opt/intel/compilers_and_libraries_2020.1.217/linux/compiler/lib/intel64/" "-L/opt/intel/compilers_and_libraries_2020.1.217/linux/mkl/lib/intel64/" "-L/usr/local/intel/lib64" "-L/usr/local/intel/lib64/" "-L/usr/lib/gcc/x86_64-redhat-linux/8/../../../" "-L/lib64" "-L/lib/" "-L/usr/lib64" "-L/usr/lib" "CMakeFiles/cmTC_27f80.dir/OpenMPTryFlag.cpp.o" "-Bdynamic" "-Bstatic" "-limf" "-lsvml" "-lirng" "-Bdynamic" "-lstdc++" "-lm" "-Bstatic" "-lipgo" "-ldecimal" "-Bdynamic" "-liomp5" "--as-needed" "-lcilkrts" "--no-as-needed" "-lstdc++" "-lgcc" "-lgcc_s" "-Bstatic" "-lirc" "-Bdynamic" "-lpthread" "-Bstatic" "-lsvml" "-Bdynamic" "-lc" "-lgcc" "-lgcc_s" "-Bstatic" "-lirc_s" "-Bdynamic" "-ldl" "-lc" "/usr/lib/gcc/x86_64-redhat-linux/8/crtend.o" "/usr/lib/gcc/x86_64-redhat-linux/8/../../../../lib64/crtn.o"" -mIPOPT_il_in_obj -mIPOPT_ipo_activate_warn=FALSE -mIPOPT_obj_output_file_name=/tmp/ipo_icpcFDSQqr.o -mIPOPT_whole_archive_fixup_file_name=/tmp/icpcwarch3nhawH -mGLOB_linker_version=2.30 -mGLOB_linker=ld -mGLOB_driver_tempfile_name=/tmp/icpctempfileQW2K5B -mP3OPT_asm_target=P3OPT_ASM_TARGET_GAS -mGLOB_async_unwind_tables=TRUE -mGLOB_obj_output_file=/tmp/ipo_icpcFDSQqr.o -mGLOB_source_dialect=GLOB_SOURCE_DIALECT_NONE -mP1OPT_source_file_name=ipo_out.c CMakeFiles/cmTC_27f80.dir/OpenMPTryFlag.cpp.o -mIPOPT_object_files=T -mIPOPT_assembly_files=/tmp/icpcaliswBZu4N -mIPOPT_generated_tempfiles=/tmp/icpcelisFqwTfw -mIPOPT_embedded_object_base_name=/tmp/icpceobj0kR5wD -mIPOPT_cmdline_link_new_name=/tmp/icpcllisnSScmI]
  link line: [ld    /usr/lib/gcc/x86_64-redhat-linux/8/../../../../lib64/crt1.o /usr/lib/gcc/x86_64-redhat-linux/8/../../../../lib64/crti.o /usr/lib/gcc/x86_64-redhat-linux/8/crtbegin.o --eh-frame-hdr --build-id -dynamic-linker /lib64/ld-linux-x86-64.so.2 -m elf_x86_64 -o cmTC_27f80 -L/opt/intel/compilers_and_libraries_2020.1.217/linux/mpi/intel64/lib -L/usr/local/intel/lib64/intel-mpi -L/opt/intel/compilers_and_libraries_2020.1.217/linux/tbb/lib/intel64/gcc4.8 -L/opt/intel/compilers_and_libraries_2020.1.217/linux/compiler/lib/intel64 -L/opt/intel/compilers_and_libraries_2020.1.217/linux/mkl/lib/intel64 -L/usr/local/intel/lib64 -L/opt/intel/compilers_and_libraries_2020.1.217/linux/compiler/lib/intel64_lin -L/usr/local/intel/lib64/../lib64 -L/usr/local/intel/lib64/../lib64/ -L/usr/lib/gcc/x86_64-redhat-linux/8/ -L/usr/lib/gcc/x86_64-redhat-linux/8/../../../../lib64 -L/usr/lib/gcc/x86_64-redhat-linux/8/../../../../lib64/ -L/lib/../lib64 -L/lib/../lib64/ -L/usr/lib/../lib64 -L/usr/lib/../lib64/ -L/opt/intel/compilers_and_libraries_2020.1.217/linux/mpi/intel64/lib/ -L/usr/local/intel/lib64/intel-mpi/ -L/opt/intel/compilers_and_libraries_2020.1.217/linux/tbb/lib/intel64/gcc4.8/ -L/opt/intel/compilers_and_libraries_2020.1.217/linux/compiler/lib/intel64/ -L/opt/intel/compilers_and_libraries_2020.1.217/linux/mkl/lib/intel64/ -L/usr/local/intel/lib64 -L/usr/local/intel/lib64/ -L/usr/lib/gcc/x86_64-redhat-linux/8/../../../ -L/lib64 -L/lib/ -L/usr/lib64 -L/usr/lib CMakeFiles/cmTC_27f80.dir/OpenMPTryFlag.cpp.o -Bdynamic -Bstatic -limf -lsvml -lirng -Bdynamic -lstdc++ -lm -Bstatic -lipgo -ldecimal -Bdynamic -liomp5 --as-needed -lcilkrts --no-as-needed -lstdc++ -lgcc -lgcc_s -Bstatic -lirc -Bdynamic -lpthread -Bstatic -lsvml -Bdynamic -lc -lgcc -lgcc_s -Bstatic -lirc_s -Bdynamic -ldl -lc /usr/lib/gcc/x86_64-redhat-linux/8/crtend.o /usr/lib/gcc/x86_64-redhat-linux/8/../../../../lib64/crtn.o]
    arg [ld] ==> ignore
    arg [--eh-frame-hdr] ==> ignore
    arg [--build-id] ==> ignore
    arg [-dynamic-linker] ==> ignore
    arg [/lib64/ld-linux-x86-64.so.2] ==> ignore
    arg [-m] ==> ignore
    arg [elf_x86_64] ==> ignore
    arg [-o] ==> ignore
    arg [cmTC_27f80] ==> ignore
    arg [-L/opt/intel/compilers_and_libraries_2020.1.217/linux/mpi/intel64/lib] ==> dir [/opt/intel/compilers_and_libraries_2020.1.217/linux/mpi/intel64/lib]
    arg [-L/usr/local/intel/lib64/intel-mpi] ==> dir [/usr/local/intel/lib64/intel-mpi]
    arg [-L/opt/intel/compilers_and_libraries_2020.1.217/linux/tbb/lib/intel64/gcc4.8] ==> dir [/opt/intel/compilers_and_libraries_2020.1.217/linux/tbb/lib/intel64/gcc4.8]
    arg [-L/opt/intel/compilers_and_libraries_2020.1.217/linux/compiler/lib/intel64] ==> dir [/opt/intel/compilers_and_libraries_2020.1.217/linux/compiler/lib/intel64]
    arg [-L/opt/intel/compilers_and_libraries_2020.1.217/linux/mkl/lib/intel64] ==> dir [/opt/intel/compilers_and_libraries_2020.1.217/linux/mkl/lib/intel64]
    arg [-L/usr/local/intel/lib64] ==> dir [/usr/local/intel/lib64]
    arg [-L/opt/intel/compilers_and_libraries_2020.1.217/linux/compiler/lib/intel64_lin] ==> dir [/opt/intel/compilers_and_libraries_2020.1.217/linux/compiler/lib/intel64_lin]
    arg [-L/usr/local/intel/lib64/../lib64] ==> dir [/usr/local/intel/lib64/../lib64]
    arg [-L/usr/local/intel/lib64/../lib64/] ==> dir [/usr/local/intel/lib64/../lib64/]
    arg [-L/usr/lib/gcc/x86_64-redhat-linux/8/] ==> dir [/usr/lib/gcc/x86_64-redhat-linux/8/]
    arg [-L/usr/lib/gcc/x86_64-redhat-linux/8/../../../../lib64] ==> dir [/usr/lib/gcc/x86_64-redhat-linux/8/../../../../lib64]
    arg [-L/usr/lib/gcc/x86_64-redhat-linux/8/../../../../lib64/] ==> dir [/usr/lib/gcc/x86_64-redhat-linux/8/../../../../lib64/]
    arg [-L/lib/../lib64] ==> dir [/lib/../lib64]
    arg [-L/lib/../lib64/] ==> dir [/lib/../lib64/]
    arg [-L/usr/lib/../lib64] ==> dir [/usr/lib/../lib64]
    arg [-L/usr/lib/../lib64/] ==> dir [/usr/lib/../lib64/]
    arg [-L/opt/intel/compilers_and_libraries_2020.1.217/linux/mpi/intel64/lib/] ==> dir [/opt/intel/compilers_and_libraries_2020.1.217/linux/mpi/intel64/lib/]
    arg [-L/usr/local/intel/lib64/intel-mpi/] ==> dir [/usr/local/intel/lib64/intel-mpi/]
    arg [-L/opt/intel/compilers_and_libraries_2020.1.217/linux/tbb/lib/intel64/gcc4.8/] ==> dir [/opt/intel/compilers_and_libraries_2020.1.217/linux/tbb/lib/intel64/gcc4.8/]
    arg [-L/opt/intel/compilers_and_libraries_2020.1.217/linux/compiler/lib/intel64/] ==> dir [/opt/intel/compilers_and_libraries_2020.1.217/linux/compiler/lib/intel64/]
    arg [-L/opt/intel/compilers_and_libraries_2020.1.217/linux/mkl/lib/intel64/] ==> dir [/opt/intel/compilers_and_libraries_2020.1.217/linux/mkl/lib/intel64/]
    arg [-L/usr/local/intel/lib64] ==> dir [/usr/local/intel/lib64]
    arg [-L/usr/local/intel/lib64/] ==> dir [/usr/local/intel/lib64/]
    arg [-L/usr/lib/gcc/x86_64-redhat-linux/8/../../../] ==> dir [/usr/lib/gcc/x86_64-redhat-linux/8/../../../]
    arg [-L/lib64] ==> dir [/lib64]
    arg [-L/lib/] ==> dir [/lib/]
    arg [-L/usr/lib64] ==> dir [/usr/lib64]
    arg [-L/usr/lib] ==> dir [/usr/lib]
    arg [CMakeFiles/cmTC_27f80.dir/OpenMPTryFlag.cpp.o] ==> ignore
    arg [-Bdynamic] ==> ignore
    arg [-Bstatic] ==> ignore
    arg [-limf] ==> lib [imf]
    arg [-lsvml] ==> lib [svml]
    arg [-lirng] ==> lib [irng]
    arg [-Bdynamic] ==> ignore
    arg [-lstdc++] ==> lib [stdc++]
    arg [-lm] ==> lib [m]
    arg [-Bstatic] ==> ignore
    arg [-lipgo] ==> lib [ipgo]
    arg [-ldecimal] ==> lib [decimal]
    arg [-Bdynamic] ==> ignore
    arg [-liomp5] ==> lib [iomp5]
    arg [--as-needed] ==> ignore
    arg [-lcilkrts] ==> lib [cilkrts]
    arg [--no-as-needed] ==> ignore
    arg [-lstdc++] ==> lib [stdc++]
    arg [-lgcc] ==> lib [gcc]
    arg [-lgcc_s] ==> lib [gcc_s]
    arg [-Bstatic] ==> ignore
    arg [-lirc] ==> lib [irc]
    arg [-Bdynamic] ==> ignore
    arg [-lpthread] ==> lib [pthread]
    arg [-Bstatic] ==> ignore
    arg [-lsvml] ==> lib [svml]
    arg [-Bdynamic] ==> ignore
    arg [-lc] ==> lib [c]
    arg [-lgcc] ==> lib [gcc]
    arg [-lgcc_s] ==> lib [gcc_s]
    arg [-Bstatic] ==> ignore
    arg [-lirc_s] ==> lib [irc_s]
    arg [-Bdynamic] ==> ignore
    arg [-ldl] ==> lib [dl]
    arg [-lc] ==> lib [c]
  collapse library dir [/opt/intel/compilers_and_libraries_2020.1.217/linux/mpi/intel64/lib] ==> [/opt/intel/compilers_and_libraries_2020.1.217/linux/mpi/intel64/lib]
  collapse library dir [/usr/local/intel/lib64/intel-mpi] ==> [/usr/local/intel/lib64/intel-mpi]
  collapse library dir [/opt/intel/compilers_and_libraries_2020.1.217/linux/tbb/lib/intel64/gcc4.8] ==> [/opt/intel/compilers_and_libraries_2020.1.217/linux/tbb/lib/intel64/gcc4.8]
  collapse library dir [/opt/intel/compilers_and_libraries_2020.1.217/linux/compiler/lib/intel64] ==> [/opt/intel/compilers_and_libraries_2020.1.217/linux/compiler/lib/intel64]
  collapse library dir [/opt/intel/compilers_and_libraries_2020.1.217/linux/mkl/lib/intel64] ==> [/opt/intel/compilers_and_libraries_2020.1.217/linux/mkl/lib/intel64]
  collapse library dir [/usr/local/intel/lib64] ==> [/usr/local/intel/lib64]
  collapse library dir [/opt/intel/compilers_and_libraries_2020.1.217/linux/compiler/lib/intel64_lin] ==> [/opt/intel/compilers_and_libraries_2020.1.217/linux/compiler/lib/intel64_lin]
  collapse library dir [/usr/local/intel/lib64/../lib64] ==> [/usr/local/intel/lib64]
  collapse library dir [/usr/local/intel/lib64/../lib64/] ==> [/usr/local/intel/lib64]
  collapse library dir [/usr/lib/gcc/x86_64-redhat-linux/8/] ==> [/usr/lib/gcc/x86_64-redhat-linux/8]
  collapse library dir [/usr/lib/gcc/x86_64-redhat-linux/8/../../../../lib64] ==> [/usr/lib64]
  collapse library dir [/usr/lib/gcc/x86_64-redhat-linux/8/../../../../lib64/] ==> [/usr/lib64]
  collapse library dir [/lib/../lib64] ==> [/lib64]
  collapse library dir [/lib/../lib64/] ==> [/lib64]
  collapse library dir [/usr/lib/../lib64] ==> [/usr/lib64]
  collapse library dir [/usr/lib/../lib64/] ==> [/usr/lib64]
  collapse library dir [/opt/intel/compilers_and_libraries_2020.1.217/linux/mpi/intel64/lib/] ==> [/opt/intel/compilers_and_libraries_2020.1.217/linux/mpi/intel64/lib]
  collapse library dir [/usr/local/intel/lib64/intel-mpi/] ==> [/usr/local/intel/lib64/intel-mpi]
  collapse library dir [/opt/intel/compilers_and_libraries_2020.1.217/linux/tbb/lib/intel64/gcc4.8/] ==> [/opt/intel/compilers_and_libraries_2020.1.217/linux/tbb/lib/intel64/gcc4.8]
  collapse library dir [/opt/intel/compilers_and_libraries_2020.1.217/linux/compiler/lib/intel64/] ==> [/opt/intel/compilers_and_libraries_2020.1.217/linux/compiler/lib/intel64]
  collapse library dir [/opt/intel/compilers_and_libraries_2020.1.217/linux/mkl/lib/intel64/] ==> [/opt/intel/compilers_and_libraries_2020.1.217/linux/mkl/lib/intel64]
  collapse library dir [/usr/local/intel/lib64] ==> [/usr/local/intel/lib64]
  collapse library dir [/usr/local/intel/lib64/] ==> [/usr/local/intel/lib64]
  collapse library dir [/usr/lib/gcc/x86_64-redhat-linux/8/../../../] ==> [/usr/lib]
  collapse library dir [/lib64] ==> [/lib64]
  collapse library dir [/lib/] ==> [/lib]
  collapse library dir [/usr/lib64] ==> [/usr/lib64]
  collapse library dir [/usr/lib] ==> [/usr/lib]
  implicit libs: [imf;svml;irng;stdc++;m;ipgo;decimal;iomp5;cilkrts;stdc++;gcc;gcc_s;irc;pthread;svml;c;gcc;gcc_s;irc_s;dl;c]
  implicit objs: []
  implicit dirs: [/opt/intel/compilers_and_libraries_2020.1.217/linux/mpi/intel64/lib;/usr/local/intel/lib64/intel-mpi;/opt/intel/compilers_and_libraries_2020.1.217/linux/tbb/lib/intel64/gcc4.8;/opt/intel/compilers_and_libraries_2020.1.217/linux/compiler/lib/intel64;/opt/intel/compilers_and_libraries_2020.1.217/linux/mkl/lib/intel64;/usr/local/intel/lib64;/opt/intel/compilers_and_libraries_2020.1.217/linux/compiler/lib/intel64_lin;/usr/lib/gcc/x86_64-redhat-linux/8;/usr/lib64;/lib64;/usr/lib;/lib]
  implicit fwks: []


Determining if the include file omp.h exists passed with the following output:
Change Dir: /home/kc32/software/lammps-stable_29Sep2021/build/CMakeFiles/CMakeTmp

Run Build Command(s):/usr/bin/gmake -f Makefile cmTC_7523e/fast && /usr/bin/gmake  -f CMakeFiles/cmTC_7523e.dir/build.make CMakeFiles/cmTC_7523e.dir/build
gmake[1]: Entering directory '/home/kc32/software/lammps-stable_29Sep2021/build/CMakeFiles/CMakeTmp'
Building CXX object CMakeFiles/cmTC_7523e.dir/CheckIncludeFile.cxx.o
/opt/intel/compilers_and_libraries_2020.1.217/linux/bin/intel64/icpc   -restrict  -std=c++11 -MD -MT CMakeFiles/cmTC_7523e.dir/CheckIncludeFile.cxx.o -MF CMakeFiles/cmTC_7523e.dir/CheckIncludeFile.cxx.o.d -o CMakeFiles/cmTC_7523e.dir/CheckIncludeFile.cxx.o -c /home/kc32/software/lammps-stable_29Sep2021/build/CMakeFiles/CMakeTmp/CheckIncludeFile.cxx
Linking CXX executable cmTC_7523e
/usr/bin/cmake -E cmake_link_script CMakeFiles/cmTC_7523e.dir/link.txt --verbose=1
/opt/intel/compilers_and_libraries_2020.1.217/linux/bin/intel64/icpc  -restrict  CMakeFiles/cmTC_7523e.dir/CheckIncludeFile.cxx.o -o cmTC_7523e 
gmake[1]: Leaving directory '/home/kc32/software/lammps-stable_29Sep2021/build/CMakeFiles/CMakeTmp'



Determining if the include file cmath exists passed with the following output:
Change Dir: /home/kc32/software/lammps-stable_29Sep2021/build/CMakeFiles/CMakeTmp

Run Build Command(s):/usr/bin/gmake -f Makefile cmTC_58c20/fast && /usr/bin/gmake  -f CMakeFiles/cmTC_58c20.dir/build.make CMakeFiles/cmTC_58c20.dir/build
gmake[1]: Entering directory '/home/kc32/software/lammps-stable_29Sep2021/build/CMakeFiles/CMakeTmp'
Building CXX object CMakeFiles/cmTC_58c20.dir/CheckIncludeFile.cxx.o
/opt/intel/compilers_and_libraries_2020.1.217/linux/bin/intel64/icpc   -restrict  -std=c++11 -MD -MT CMakeFiles/cmTC_58c20.dir/CheckIncludeFile.cxx.o -MF CMakeFiles/cmTC_58c20.dir/CheckIncludeFile.cxx.o.d -o CMakeFiles/cmTC_58c20.dir/CheckIncludeFile.cxx.o -c /home/kc32/software/lammps-stable_29Sep2021/build/CMakeFiles/CMakeTmp/CheckIncludeFile.cxx
Linking CXX executable cmTC_58c20
/usr/bin/cmake -E cmake_link_script CMakeFiles/cmTC_58c20.dir/link.txt --verbose=1
/opt/intel/compilers_and_libraries_2020.1.217/linux/bin/intel64/icpc  -restrict  CMakeFiles/cmTC_58c20.dir/CheckIncludeFile.cxx.o -o cmTC_58c20 
gmake[1]: Leaving directory '/home/kc32/software/lammps-stable_29Sep2021/build/CMakeFiles/CMakeTmp'



Determining if the include file immintrin.h exists passed with the following output:
Change Dir: /home/kc32/software/lammps-stable_29Sep2021/build/CMakeFiles/CMakeTmp

Run Build Command(s):/usr/bin/gmake -f Makefile cmTC_2340f/fast && /usr/bin/gmake  -f CMakeFiles/cmTC_2340f.dir/build.make CMakeFiles/cmTC_2340f.dir/build
gmake[1]: Entering directory '/home/kc32/software/lammps-stable_29Sep2021/build/CMakeFiles/CMakeTmp'
Building CXX object CMakeFiles/cmTC_2340f.dir/CheckIncludeFile.cxx.o
/opt/intel/compilers_and_libraries_2020.1.217/linux/bin/intel64/icpc   -restrict  -std=c++11 -MD -MT CMakeFiles/cmTC_2340f.dir/CheckIncludeFile.cxx.o -MF CMakeFiles/cmTC_2340f.dir/CheckIncludeFile.cxx.o.d -o CMakeFiles/cmTC_2340f.dir/CheckIncludeFile.cxx.o -c /home/kc32/software/lammps-stable_29Sep2021/build/CMakeFiles/CMakeTmp/CheckIncludeFile.cxx
Linking CXX executable cmTC_2340f
/usr/bin/cmake -E cmake_link_script CMakeFiles/cmTC_2340f.dir/link.txt --verbose=1
/opt/intel/compilers_and_libraries_2020.1.217/linux/bin/intel64/icpc  -restrict  CMakeFiles/cmTC_2340f.dir/CheckIncludeFile.cxx.o -o cmTC_2340f 
gmake[1]: Leaving directory '/home/kc32/software/lammps-stable_29Sep2021/build/CMakeFiles/CMakeTmp'



Determining if the include file pthread.h exists passed with the following output:
Change Dir: /home/kc32/software/lammps-stable_29Sep2021/build/CMakeFiles/CMakeTmp

Run Build Command(s):/usr/bin/gmake -f Makefile cmTC_8a53b/fast && /usr/bin/gmake  -f CMakeFiles/cmTC_8a53b.dir/build.make CMakeFiles/cmTC_8a53b.dir/build
gmake[1]: Entering directory '/home/kc32/software/lammps-stable_29Sep2021/build/CMakeFiles/CMakeTmp'
Building CXX object CMakeFiles/cmTC_8a53b.dir/CheckIncludeFile.cxx.o
/opt/intel/compilers_and_libraries_2020.1.217/linux/bin/intel64/icpc   -restrict  -std=c++11 -MD -MT CMakeFiles/cmTC_8a53b.dir/CheckIncludeFile.cxx.o -MF CMakeFiles/cmTC_8a53b.dir/CheckIncludeFile.cxx.o.d -o CMakeFiles/cmTC_8a53b.dir/CheckIncludeFile.cxx.o -c /home/kc32/software/lammps-stable_29Sep2021/build/CMakeFiles/CMakeTmp/CheckIncludeFile.cxx
Linking CXX executable cmTC_8a53b
/usr/bin/cmake -E cmake_link_script CMakeFiles/cmTC_8a53b.dir/link.txt --verbose=1
/opt/intel/compilers_and_libraries_2020.1.217/linux/bin/intel64/icpc  -restrict  CMakeFiles/cmTC_8a53b.dir/CheckIncludeFile.cxx.o -o cmTC_8a53b 
gmake[1]: Leaving directory '/home/kc32/software/lammps-stable_29Sep2021/build/CMakeFiles/CMakeTmp'



Determining if the function pthread_create exists in the pthread passed with the following output:
Change Dir: /home/kc32/software/lammps-stable_29Sep2021/build/CMakeFiles/CMakeTmp

Run Build Command(s):/usr/bin/gmake -f Makefile cmTC_935b3/fast && /usr/bin/gmake  -f CMakeFiles/cmTC_935b3.dir/build.make CMakeFiles/cmTC_935b3.dir/build
gmake[1]: Entering directory '/home/kc32/software/lammps-stable_29Sep2021/build/CMakeFiles/CMakeTmp'
Building CXX object CMakeFiles/cmTC_935b3.dir/CheckFunctionExists.cxx.o
/opt/intel/compilers_and_libraries_2020.1.217/linux/bin/intel64/icpc   -restrict -DCHECK_FUNCTION_EXISTS=pthread_create -std=c++11 -MD -MT CMakeFiles/cmTC_935b3.dir/CheckFunctionExists.cxx.o -MF CMakeFiles/cmTC_935b3.dir/CheckFunctionExists.cxx.o.d -o CMakeFiles/cmTC_935b3.dir/CheckFunctionExists.cxx.o -c /home/kc32/software/lammps-stable_29Sep2021/build/CMakeFiles/CheckLibraryExists/CheckFunctionExists.cxx
Linking CXX executable cmTC_935b3
/usr/bin/cmake -E cmake_link_script CMakeFiles/cmTC_935b3.dir/link.txt --verbose=1
/opt/intel/compilers_and_libraries_2020.1.217/linux/bin/intel64/icpc  -restrict -DCHECK_FUNCTION_EXISTS=pthread_create CMakeFiles/cmTC_935b3.dir/CheckFunctionExists.cxx.o -o cmTC_935b3  -lpthread 
gmake[1]: Leaving directory '/home/kc32/software/lammps-stable_29Sep2021/build/CMakeFiles/CMakeTmp'



Performing C++ SOURCE FILE Test COMPILER_SUPPORTS-O2 succeeded with the following output:
Change Dir: /home/kc32/software/lammps-stable_29Sep2021/build/CMakeFiles/CMakeTmp

Run Build Command(s):/usr/bin/gmake -f Makefile cmTC_1af4b/fast && /usr/bin/gmake  -f CMakeFiles/cmTC_1af4b.dir/build.make CMakeFiles/cmTC_1af4b.dir/build
gmake[1]: Entering directory '/home/kc32/software/lammps-stable_29Sep2021/build/CMakeFiles/CMakeTmp'
Building CXX object CMakeFiles/cmTC_1af4b.dir/src.cxx.o
/opt/intel/compilers_and_libraries_2020.1.217/linux/bin/intel64/icpc   -restrict    -DCOMPILER_SUPPORTS-O2 -O2 -std=c++11 -MD -MT CMakeFiles/cmTC_1af4b.dir/src.cxx.o -MF CMakeFiles/cmTC_1af4b.dir/src.cxx.o.d -o CMakeFiles/cmTC_1af4b.dir/src.cxx.o -c /home/kc32/software/lammps-stable_29Sep2021/build/CMakeFiles/CMakeTmp/src.cxx
Warning #2216: '=' assumed following macro name "COMPILER_SUPPORTS" in command-line definition

Linking CXX executable cmTC_1af4b
/usr/bin/cmake -E cmake_link_script CMakeFiles/cmTC_1af4b.dir/link.txt --verbose=1
/opt/intel/compilers_and_libraries_2020.1.217/linux/bin/intel64/icpc  -restrict  CMakeFiles/cmTC_1af4b.dir/src.cxx.o -o cmTC_1af4b 
gmake[1]: Leaving directory '/home/kc32/software/lammps-stable_29Sep2021/build/CMakeFiles/CMakeTmp'


Source file was:
int main() { return 0; }
Performing C++ SOURCE FILE Test COMPILER_SUPPORTS-fp-modelfast2 succeeded with the following output:
Change Dir: /home/kc32/software/lammps-stable_29Sep2021/build/CMakeFiles/CMakeTmp

Run Build Command(s):/usr/bin/gmake -f Makefile cmTC_73d36/fast && /usr/bin/gmake  -f CMakeFiles/cmTC_73d36.dir/build.make CMakeFiles/cmTC_73d36.dir/build
gmake[1]: Entering directory '/home/kc32/software/lammps-stable_29Sep2021/build/CMakeFiles/CMakeTmp'
Building CXX object CMakeFiles/cmTC_73d36.dir/src.cxx.o
/opt/intel/compilers_and_libraries_2020.1.217/linux/bin/intel64/icpc   -restrict    -DCOMPILER_SUPPORTS-fp-modelfast2 -fp-model fast=2 -std=c++11 -MD -MT CMakeFiles/cmTC_73d36.dir/src.cxx.o -MF CMakeFiles/cmTC_73d36.dir/src.cxx.o.d -o CMakeFiles/cmTC_73d36.dir/src.cxx.o -c /home/kc32/software/lammps-stable_29Sep2021/build/CMakeFiles/CMakeTmp/src.cxx
Warning #2216: '=' assumed following macro name "COMPILER_SUPPORTS" in command-line definition

Linking CXX executable cmTC_73d36
/usr/bin/cmake -E cmake_link_script CMakeFiles/cmTC_73d36.dir/link.txt --verbose=1
/opt/intel/compilers_and_libraries_2020.1.217/linux/bin/intel64/icpc  -restrict  CMakeFiles/cmTC_73d36.dir/src.cxx.o -o cmTC_73d36 
gmake[1]: Leaving directory '/home/kc32/software/lammps-stable_29Sep2021/build/CMakeFiles/CMakeTmp'


Source file was:
int main() { return 0; }
Performing C++ SOURCE FILE Test COMPILER_SUPPORTS-no-prec-div succeeded with the following output:
Change Dir: /home/kc32/software/lammps-stable_29Sep2021/build/CMakeFiles/CMakeTmp

Run Build Command(s):/usr/bin/gmake -f Makefile cmTC_87512/fast && /usr/bin/gmake  -f CMakeFiles/cmTC_87512.dir/build.make CMakeFiles/cmTC_87512.dir/build
gmake[1]: Entering directory '/home/kc32/software/lammps-stable_29Sep2021/build/CMakeFiles/CMakeTmp'
Building CXX object CMakeFiles/cmTC_87512.dir/src.cxx.o
/opt/intel/compilers_and_libraries_2020.1.217/linux/bin/intel64/icpc   -restrict    -DCOMPILER_SUPPORTS-no-prec-div -no-prec-div -std=c++11 -MD -MT CMakeFiles/cmTC_87512.dir/src.cxx.o -MF CMakeFiles/cmTC_87512.dir/src.cxx.o.d -o CMakeFiles/cmTC_87512.dir/src.cxx.o -c /home/kc32/software/lammps-stable_29Sep2021/build/CMakeFiles/CMakeTmp/src.cxx
Warning #2216: '=' assumed following macro name "COMPILER_SUPPORTS" in command-line definition

Linking CXX executable cmTC_87512
/usr/bin/cmake -E cmake_link_script CMakeFiles/cmTC_87512.dir/link.txt --verbose=1
/opt/intel/compilers_and_libraries_2020.1.217/linux/bin/intel64/icpc  -restrict  CMakeFiles/cmTC_87512.dir/src.cxx.o -o cmTC_87512 
gmake[1]: Leaving directory '/home/kc32/software/lammps-stable_29Sep2021/build/CMakeFiles/CMakeTmp'


Source file was:
int main() { return 0; }
Performing C++ SOURCE FILE Test COMPILER_SUPPORTS-qoverride-limits succeeded with the following output:
Change Dir: /home/kc32/software/lammps-stable_29Sep2021/build/CMakeFiles/CMakeTmp

Run Build Command(s):/usr/bin/gmake -f Makefile cmTC_8b6b0/fast && /usr/bin/gmake  -f CMakeFiles/cmTC_8b6b0.dir/build.make CMakeFiles/cmTC_8b6b0.dir/build
gmake[1]: Entering directory '/home/kc32/software/lammps-stable_29Sep2021/build/CMakeFiles/CMakeTmp'
Building CXX object CMakeFiles/cmTC_8b6b0.dir/src.cxx.o
/opt/intel/compilers_and_libraries_2020.1.217/linux/bin/intel64/icpc   -restrict    -DCOMPILER_SUPPORTS-qoverride-limits -qoverride-limits -std=c++11 -MD -MT CMakeFiles/cmTC_8b6b0.dir/src.cxx.o -MF CMakeFiles/cmTC_8b6b0.dir/src.cxx.o.d -o CMakeFiles/cmTC_8b6b0.dir/src.cxx.o -c /home/kc32/software/lammps-stable_29Sep2021/build/CMakeFiles/CMakeTmp/src.cxx
Warning #2216: '=' assumed following macro name "COMPILER_SUPPORTS" in command-line definition

Linking CXX executable cmTC_8b6b0
/usr/bin/cmake -E cmake_link_script CMakeFiles/cmTC_8b6b0.dir/link.txt --verbose=1
/opt/intel/compilers_and_libraries_2020.1.217/linux/bin/intel64/icpc  -restrict  CMakeFiles/cmTC_8b6b0.dir/src.cxx.o -o cmTC_8b6b0 
gmake[1]: Leaving directory '/home/kc32/software/lammps-stable_29Sep2021/build/CMakeFiles/CMakeTmp'


Source file was:
int main() { return 0; }
Performing C++ SOURCE FILE Test COMPILER_SUPPORTS-qopt-zmm-usagehigh succeeded with the following output:
Change Dir: /home/kc32/software/lammps-stable_29Sep2021/build/CMakeFiles/CMakeTmp

Run Build Command(s):/usr/bin/gmake -f Makefile cmTC_8cdfe/fast && /usr/bin/gmake  -f CMakeFiles/cmTC_8cdfe.dir/build.make CMakeFiles/cmTC_8cdfe.dir/build
gmake[1]: Entering directory '/home/kc32/software/lammps-stable_29Sep2021/build/CMakeFiles/CMakeTmp'
Building CXX object CMakeFiles/cmTC_8cdfe.dir/src.cxx.o
/opt/intel/compilers_and_libraries_2020.1.217/linux/bin/intel64/icpc   -restrict    -DCOMPILER_SUPPORTS-qopt-zmm-usagehigh -qopt-zmm-usage=high -std=c++11 -MD -MT CMakeFiles/cmTC_8cdfe.dir/src.cxx.o -MF CMakeFiles/cmTC_8cdfe.dir/src.cxx.o.d -o CMakeFiles/cmTC_8cdfe.dir/src.cxx.o -c /home/kc32/software/lammps-stable_29Sep2021/build/CMakeFiles/CMakeTmp/src.cxx
Warning #2216: '=' assumed following macro name "COMPILER_SUPPORTS" in command-line definition

Linking CXX executable cmTC_8cdfe
/usr/bin/cmake -E cmake_link_script CMakeFiles/cmTC_8cdfe.dir/link.txt --verbose=1
/opt/intel/compilers_and_libraries_2020.1.217/linux/bin/intel64/icpc  -restrict  CMakeFiles/cmTC_8cdfe.dir/src.cxx.o -o cmTC_8cdfe 
gmake[1]: Leaving directory '/home/kc32/software/lammps-stable_29Sep2021/build/CMakeFiles/CMakeTmp'


Source file was:
int main() { return 0; }
Performing C++ SOURCE FILE Test COMPILER_SUPPORTS-qno-offload succeeded with the following output:
Change Dir: /home/kc32/software/lammps-stable_29Sep2021/build/CMakeFiles/CMakeTmp

Run Build Command(s):/usr/bin/gmake -f Makefile cmTC_8fdbe/fast && /usr/bin/gmake  -f CMakeFiles/cmTC_8fdbe.dir/build.make CMakeFiles/cmTC_8fdbe.dir/build
gmake[1]: Entering directory '/home/kc32/software/lammps-stable_29Sep2021/build/CMakeFiles/CMakeTmp'
Building CXX object CMakeFiles/cmTC_8fdbe.dir/src.cxx.o
/opt/intel/compilers_and_libraries_2020.1.217/linux/bin/intel64/icpc   -restrict    -DCOMPILER_SUPPORTS-qno-offload -qno-offload -std=c++11 -MD -MT CMakeFiles/cmTC_8fdbe.dir/src.cxx.o -MF CMakeFiles/cmTC_8fdbe.dir/src.cxx.o.d -o CMakeFiles/cmTC_8fdbe.dir/src.cxx.o -c /home/kc32/software/lammps-stable_29Sep2021/build/CMakeFiles/CMakeTmp/src.cxx
Warning #2216: '=' assumed following macro name "COMPILER_SUPPORTS" in command-line definition

Linking CXX executable cmTC_8fdbe
/usr/bin/cmake -E cmake_link_script CMakeFiles/cmTC_8fdbe.dir/link.txt --verbose=1
/opt/intel/compilers_and_libraries_2020.1.217/linux/bin/intel64/icpc  -restrict  CMakeFiles/cmTC_8fdbe.dir/src.cxx.o -o cmTC_8fdbe 
gmake[1]: Leaving directory '/home/kc32/software/lammps-stable_29Sep2021/build/CMakeFiles/CMakeTmp'


Source file was:
int main() { return 0; }
Performing C++ SOURCE FILE Test COMPILER_SUPPORTS-fno-alias succeeded with the following output:
Change Dir: /home/kc32/software/lammps-stable_29Sep2021/build/CMakeFiles/CMakeTmp

Run Build Command(s):/usr/bin/gmake -f Makefile cmTC_c71ca/fast && /usr/bin/gmake  -f CMakeFiles/cmTC_c71ca.dir/build.make CMakeFiles/cmTC_c71ca.dir/build
gmake[1]: Entering directory '/home/kc32/software/lammps-stable_29Sep2021/build/CMakeFiles/CMakeTmp'
Building CXX object CMakeFiles/cmTC_c71ca.dir/src.cxx.o
/opt/intel/compilers_and_libraries_2020.1.217/linux/bin/intel64/icpc   -restrict    -DCOMPILER_SUPPORTS-fno-alias -fno-alias -std=c++11 -MD -MT CMakeFiles/cmTC_c71ca.dir/src.cxx.o -MF CMakeFiles/cmTC_c71ca.dir/src.cxx.o.d -o CMakeFiles/cmTC_c71ca.dir/src.cxx.o -c /home/kc32/software/lammps-stable_29Sep2021/build/CMakeFiles/CMakeTmp/src.cxx
Warning #2216: '=' assumed following macro name "COMPILER_SUPPORTS" in command-line definition

Linking CXX executable cmTC_c71ca
/usr/bin/cmake -E cmake_link_script CMakeFiles/cmTC_c71ca.dir/link.txt --verbose=1
/opt/intel/compilers_and_libraries_2020.1.217/linux/bin/intel64/icpc  -restrict  CMakeFiles/cmTC_c71ca.dir/src.cxx.o -o cmTC_c71ca 
gmake[1]: Leaving directory '/home/kc32/software/lammps-stable_29Sep2021/build/CMakeFiles/CMakeTmp'


Source file was:
int main() { return 0; }
Performing C++ SOURCE FILE Test COMPILER_SUPPORTS-ansi-alias succeeded with the following output:
Change Dir: /home/kc32/software/lammps-stable_29Sep2021/build/CMakeFiles/CMakeTmp

Run Build Command(s):/usr/bin/gmake -f Makefile cmTC_78284/fast && /usr/bin/gmake  -f CMakeFiles/cmTC_78284.dir/build.make CMakeFiles/cmTC_78284.dir/build
gmake[1]: Entering directory '/home/kc32/software/lammps-stable_29Sep2021/build/CMakeFiles/CMakeTmp'
Building CXX object CMakeFiles/cmTC_78284.dir/src.cxx.o
/opt/intel/compilers_and_libraries_2020.1.217/linux/bin/intel64/icpc   -restrict    -DCOMPILER_SUPPORTS-ansi-alias -ansi-alias -std=c++11 -MD -MT CMakeFiles/cmTC_78284.dir/src.cxx.o -MF CMakeFiles/cmTC_78284.dir/src.cxx.o.d -o CMakeFiles/cmTC_78284.dir/src.cxx.o -c /home/kc32/software/lammps-stable_29Sep2021/build/CMakeFiles/CMakeTmp/src.cxx
Warning #2216: '=' assumed following macro name "COMPILER_SUPPORTS" in command-line definition

Linking CXX executable cmTC_78284
/usr/bin/cmake -E cmake_link_script CMakeFiles/cmTC_78284.dir/link.txt --verbose=1
/opt/intel/compilers_and_libraries_2020.1.217/linux/bin/intel64/icpc  -restrict  CMakeFiles/cmTC_78284.dir/src.cxx.o -o cmTC_78284 
gmake[1]: Leaving directory '/home/kc32/software/lammps-stable_29Sep2021/build/CMakeFiles/CMakeTmp'


Source file was:
int main() { return 0; }
Performing C++ SOURCE FILE Test COMPILER_SUPPORTS-restrict succeeded with the following output:
Change Dir: /home/kc32/software/lammps-stable_29Sep2021/build/CMakeFiles/CMakeTmp

Run Build Command(s):/usr/bin/gmake -f Makefile cmTC_6d158/fast && /usr/bin/gmake  -f CMakeFiles/cmTC_6d158.dir/build.make CMakeFiles/cmTC_6d158.dir/build
gmake[1]: Entering directory '/home/kc32/software/lammps-stable_29Sep2021/build/CMakeFiles/CMakeTmp'
Building CXX object CMakeFiles/cmTC_6d158.dir/src.cxx.o
/opt/intel/compilers_and_libraries_2020.1.217/linux/bin/intel64/icpc   -restrict    -DCOMPILER_SUPPORTS-restrict -restrict -std=c++11 -MD -MT CMakeFiles/cmTC_6d158.dir/src.cxx.o -MF CMakeFiles/cmTC_6d158.dir/src.cxx.o.d -o CMakeFiles/cmTC_6d158.dir/src.cxx.o -c /home/kc32/software/lammps-stable_29Sep2021/build/CMakeFiles/CMakeTmp/src.cxx
Warning #2216: '=' assumed following macro name "COMPILER_SUPPORTS" in command-line definition

Linking CXX executable cmTC_6d158
/usr/bin/cmake -E cmake_link_script CMakeFiles/cmTC_6d158.dir/link.txt --verbose=1
/opt/intel/compilers_and_libraries_2020.1.217/linux/bin/intel64/icpc  -restrict  CMakeFiles/cmTC_6d158.dir/src.cxx.o -o cmTC_6d158 
gmake[1]: Leaving directory '/home/kc32/software/lammps-stable_29Sep2021/build/CMakeFiles/CMakeTmp'


Source file was:
int main() { return 0; }
